CRITICAL - 2023-06-23 04:41:24 --> Invalid file: "login.php"
in SYSTEMPATH\Exceptions\FrameworkException.php on line 33.
 1 SYSTEMPATH\View\View.php(212): CodeIgniter\Exceptions\FrameworkException::forInvalidFile()
 2 SYSTEMPATH\Common.php(1180): CodeIgniter\View\View->render()
 3 APPPATH\Controllers\Admin.php(15): view()
 4 SYSTEMPATH\CodeIgniter.php(932): App\Controllers\Admin->login()
 5 SYSTEMPATH\CodeIgniter.php(497): CodeIgniter\CodeIgniter->runController()
 6 SYSTEMPATH\CodeIgniter.php(366): CodeIgniter\CodeIgniter->handleRequest()
 7 FCPATH\index.php(67): CodeIgniter\CodeIgniter->run()
 8 SYSTEMPATH\Commands\Server\rewrite.php(47): require_once('C:\\wamp64\\www\\software-company\\public\\index.php')
CRITICAL - 2023-06-23 04:41:54 --> Invalid file: "login.php"
in SYSTEMPATH\Exceptions\FrameworkException.php on line 33.
 1 SYSTEMPATH\View\View.php(212): CodeIgniter\Exceptions\FrameworkException::forInvalidFile()
 2 SYSTEMPATH\Common.php(1180): CodeIgniter\View\View->render()
 3 APPPATH\Controllers\Admin.php(15): view()
 4 SYSTEMPATH\CodeIgniter.php(932): App\Controllers\Admin->login()
 5 SYSTEMPATH\CodeIgniter.php(497): CodeIgniter\CodeIgniter->runController()
 6 SYSTEMPATH\CodeIgniter.php(366): CodeIgniter\CodeIgniter->handleRequest()
 7 FCPATH\index.php(67): CodeIgniter\CodeIgniter->run()
 8 SYSTEMPATH\Commands\Server\rewrite.php(47): require_once('C:\\wamp64\\www\\software-company\\public\\index.php')
CRITICAL - 2023-06-23 10:36:28 --> Invalid file: "client/index.php"
in SYSTEMPATH\Exceptions\FrameworkException.php on line 33.
 1 SYSTEMPATH\View\View.php(212): CodeIgniter\Exceptions\FrameworkException::forInvalidFile()
 2 SYSTEMPATH\Common.php(1180): CodeIgniter\View\View->render()
 3 APPPATH\Controllers\Home.php(11): view()
 4 SYSTEMPATH\CodeIgniter.php(932): App\Controllers\Home->index()
 5 SYSTEMPATH\CodeIgniter.php(497): CodeIgniter\CodeIgniter->runController()
 6 SYSTEMPATH\CodeIgniter.php(366): CodeIgniter\CodeIgniter->handleRequest()
 7 FCPATH\index.php(67): CodeIgniter\CodeIgniter->run()
 8 SYSTEMPATH\Commands\Server\rewrite.php(47): require_once('C:\\wamp64\\www\\software-company\\public\\index.php')
