CRITICAL - 2023-06-24 08:08:25 --> Undefined variable $data
in APPPATH\Views\admin-layout\view-aboutus.php on line 3.
 1 APPPATH\Views\admin-layout\view-aboutus.php(3): CodeIgniter\Debug\Exceptions->errorHandler()
 2 APPPATH\Views\admin\aboutus.php(7): include('C:\\wamp64\\www\\software-company\\app\\Views\\admin-layout\\view-aboutus.php')
 3 SYSTEMPATH\View\View.php(224): include('C:\\wamp64\\www\\software-company\\app\\Views\\admin\\aboutus.php')
 4 SYSTEMPATH\View\View.php(227): CodeIgniter\View\View->CodeIgniter\View\{closure}()
 5 SYSTEMPATH\Common.php(1180): CodeIgniter\View\View->render()
 6 APPPATH\Controllers\Admin.php(20): view()
 7 SYSTEMPATH\CodeIgniter.php(932): App\Controllers\Admin->aboutus()
 8 SYSTEMPATH\CodeIgniter.php(497): CodeIgniter\CodeIgniter->runController()
 9 SYSTEMPATH\CodeIgniter.php(366): CodeIgniter\CodeIgniter->handleRequest()
10 FCPATH\index.php(67): CodeIgniter\CodeIgniter->run()
11 SYSTEMPATH\Commands\Server\rewrite.php(47): require_once('C:\\wamp64\\www\\software-company\\public\\index.php')
CRITICAL - 2023-06-24 08:08:42 --> Undefined variable $data
in APPPATH\Views\admin-layout\view-aboutus.php on line 3.
 1 APPPATH\Views\admin-layout\view-aboutus.php(3): CodeIgniter\Debug\Exceptions->errorHandler()
 2 APPPATH\Views\admin\aboutus.php(7): include('C:\\wamp64\\www\\software-company\\app\\Views\\admin-layout\\view-aboutus.php')
 3 SYSTEMPATH\View\View.php(224): include('C:\\wamp64\\www\\software-company\\app\\Views\\admin\\aboutus.php')
 4 SYSTEMPATH\View\View.php(227): CodeIgniter\View\View->CodeIgniter\View\{closure}()
 5 SYSTEMPATH\Common.php(1180): CodeIgniter\View\View->render()
 6 APPPATH\Controllers\Admin.php(20): view()
 7 SYSTEMPATH\CodeIgniter.php(932): App\Controllers\Admin->aboutus()
 8 SYSTEMPATH\CodeIgniter.php(497): CodeIgniter\CodeIgniter->runController()
 9 SYSTEMPATH\CodeIgniter.php(366): CodeIgniter\CodeIgniter->handleRequest()
10 FCPATH\index.php(67): CodeIgniter\CodeIgniter->run()
11 SYSTEMPATH\Commands\Server\rewrite.php(47): require_once('C:\\wamp64\\www\\software-company\\public\\index.php')
CRITICAL - 2023-06-24 08:08:43 --> Undefined variable $data
in APPPATH\Views\admin-layout\view-aboutus.php on line 3.
 1 APPPATH\Views\admin-layout\view-aboutus.php(3): CodeIgniter\Debug\Exceptions->errorHandler()
 2 APPPATH\Views\admin\aboutus.php(7): include('C:\\wamp64\\www\\software-company\\app\\Views\\admin-layout\\view-aboutus.php')
 3 SYSTEMPATH\View\View.php(224): include('C:\\wamp64\\www\\software-company\\app\\Views\\admin\\aboutus.php')
 4 SYSTEMPATH\View\View.php(227): CodeIgniter\View\View->CodeIgniter\View\{closure}()
 5 SYSTEMPATH\Common.php(1180): CodeIgniter\View\View->render()
 6 APPPATH\Controllers\Admin.php(20): view()
 7 SYSTEMPATH\CodeIgniter.php(932): App\Controllers\Admin->aboutus()
 8 SYSTEMPATH\CodeIgniter.php(497): CodeIgniter\CodeIgniter->runController()
 9 SYSTEMPATH\CodeIgniter.php(366): CodeIgniter\CodeIgniter->handleRequest()
10 FCPATH\index.php(67): CodeIgniter\CodeIgniter->run()
11 SYSTEMPATH\Commands\Server\rewrite.php(47): require_once('C:\\wamp64\\www\\software-company\\public\\index.php')
CRITICAL - 2023-06-24 08:08:58 --> Undefined variable $data
in APPPATH\Views\admin-layout\view-aboutus.php on line 3.
 1 APPPATH\Views\admin-layout\view-aboutus.php(3): CodeIgniter\Debug\Exceptions->errorHandler()
 2 APPPATH\Views\admin\aboutus.php(7): include('C:\\wamp64\\www\\software-company\\app\\Views\\admin-layout\\view-aboutus.php')
 3 SYSTEMPATH\View\View.php(224): include('C:\\wamp64\\www\\software-company\\app\\Views\\admin\\aboutus.php')
 4 SYSTEMPATH\View\View.php(227): CodeIgniter\View\View->CodeIgniter\View\{closure}()
 5 SYSTEMPATH\Common.php(1180): CodeIgniter\View\View->render()
 6 APPPATH\Controllers\Admin.php(20): view()
 7 SYSTEMPATH\CodeIgniter.php(932): App\Controllers\Admin->aboutus()
 8 SYSTEMPATH\CodeIgniter.php(497): CodeIgniter\CodeIgniter->runController()
 9 SYSTEMPATH\CodeIgniter.php(366): CodeIgniter\CodeIgniter->handleRequest()
10 FCPATH\index.php(67): CodeIgniter\CodeIgniter->run()
11 SYSTEMPATH\Commands\Server\rewrite.php(47): require_once('C:\\wamp64\\www\\software-company\\public\\index.php')
CRITICAL - 2023-06-24 08:09:00 --> Undefined variable $data
in APPPATH\Views\admin-layout\view-aboutus.php on line 3.
 1 APPPATH\Views\admin-layout\view-aboutus.php(3): CodeIgniter\Debug\Exceptions->errorHandler()
 2 APPPATH\Views\admin\aboutus.php(7): include('C:\\wamp64\\www\\software-company\\app\\Views\\admin-layout\\view-aboutus.php')
 3 SYSTEMPATH\View\View.php(224): include('C:\\wamp64\\www\\software-company\\app\\Views\\admin\\aboutus.php')
 4 SYSTEMPATH\View\View.php(227): CodeIgniter\View\View->CodeIgniter\View\{closure}()
 5 SYSTEMPATH\Common.php(1180): CodeIgniter\View\View->render()
 6 APPPATH\Controllers\Admin.php(20): view()
 7 SYSTEMPATH\CodeIgniter.php(932): App\Controllers\Admin->aboutus()
 8 SYSTEMPATH\CodeIgniter.php(497): CodeIgniter\CodeIgniter->runController()
 9 SYSTEMPATH\CodeIgniter.php(366): CodeIgniter\CodeIgniter->handleRequest()
10 FCPATH\index.php(67): CodeIgniter\CodeIgniter->run()
11 SYSTEMPATH\Commands\Server\rewrite.php(47): require_once('C:\\wamp64\\www\\software-company\\public\\index.php')
CRITICAL - 2023-06-24 08:09:00 --> Undefined variable $data
in APPPATH\Views\admin-layout\view-aboutus.php on line 3.
 1 APPPATH\Views\admin-layout\view-aboutus.php(3): CodeIgniter\Debug\Exceptions->errorHandler()
 2 APPPATH\Views\admin\aboutus.php(7): include('C:\\wamp64\\www\\software-company\\app\\Views\\admin-layout\\view-aboutus.php')
 3 SYSTEMPATH\View\View.php(224): include('C:\\wamp64\\www\\software-company\\app\\Views\\admin\\aboutus.php')
 4 SYSTEMPATH\View\View.php(227): CodeIgniter\View\View->CodeIgniter\View\{closure}()
 5 SYSTEMPATH\Common.php(1180): CodeIgniter\View\View->render()
 6 APPPATH\Controllers\Admin.php(20): view()
 7 SYSTEMPATH\CodeIgniter.php(932): App\Controllers\Admin->aboutus()
 8 SYSTEMPATH\CodeIgniter.php(497): CodeIgniter\CodeIgniter->runController()
 9 SYSTEMPATH\CodeIgniter.php(366): CodeIgniter\CodeIgniter->handleRequest()
10 FCPATH\index.php(67): CodeIgniter\CodeIgniter->run()
11 SYSTEMPATH\Commands\Server\rewrite.php(47): require_once('C:\\wamp64\\www\\software-company\\public\\index.php')
CRITICAL - 2023-06-24 08:09:00 --> Undefined variable $data
in APPPATH\Views\admin-layout\view-aboutus.php on line 3.
 1 APPPATH\Views\admin-layout\view-aboutus.php(3): CodeIgniter\Debug\Exceptions->errorHandler()
 2 APPPATH\Views\admin\aboutus.php(7): include('C:\\wamp64\\www\\software-company\\app\\Views\\admin-layout\\view-aboutus.php')
 3 SYSTEMPATH\View\View.php(224): include('C:\\wamp64\\www\\software-company\\app\\Views\\admin\\aboutus.php')
 4 SYSTEMPATH\View\View.php(227): CodeIgniter\View\View->CodeIgniter\View\{closure}()
 5 SYSTEMPATH\Common.php(1180): CodeIgniter\View\View->render()
 6 APPPATH\Controllers\Admin.php(20): view()
 7 SYSTEMPATH\CodeIgniter.php(932): App\Controllers\Admin->aboutus()
 8 SYSTEMPATH\CodeIgniter.php(497): CodeIgniter\CodeIgniter->runController()
 9 SYSTEMPATH\CodeIgniter.php(366): CodeIgniter\CodeIgniter->handleRequest()
10 FCPATH\index.php(67): CodeIgniter\CodeIgniter->run()
11 SYSTEMPATH\Commands\Server\rewrite.php(47): require_once('C:\\wamp64\\www\\software-company\\public\\index.php')
CRITICAL - 2023-06-24 08:09:01 --> Undefined variable $data
in APPPATH\Views\admin-layout\view-aboutus.php on line 3.
 1 APPPATH\Views\admin-layout\view-aboutus.php(3): CodeIgniter\Debug\Exceptions->errorHandler()
 2 APPPATH\Views\admin\aboutus.php(7): include('C:\\wamp64\\www\\software-company\\app\\Views\\admin-layout\\view-aboutus.php')
 3 SYSTEMPATH\View\View.php(224): include('C:\\wamp64\\www\\software-company\\app\\Views\\admin\\aboutus.php')
 4 SYSTEMPATH\View\View.php(227): CodeIgniter\View\View->CodeIgniter\View\{closure}()
 5 SYSTEMPATH\Common.php(1180): CodeIgniter\View\View->render()
 6 APPPATH\Controllers\Admin.php(20): view()
 7 SYSTEMPATH\CodeIgniter.php(932): App\Controllers\Admin->aboutus()
 8 SYSTEMPATH\CodeIgniter.php(497): CodeIgniter\CodeIgniter->runController()
 9 SYSTEMPATH\CodeIgniter.php(366): CodeIgniter\CodeIgniter->handleRequest()
10 FCPATH\index.php(67): CodeIgniter\CodeIgniter->run()
11 SYSTEMPATH\Commands\Server\rewrite.php(47): require_once('C:\\wamp64\\www\\software-company\\public\\index.php')
CRITICAL - 2023-06-24 08:09:01 --> Undefined variable $data
in APPPATH\Views\admin-layout\view-aboutus.php on line 3.
 1 APPPATH\Views\admin-layout\view-aboutus.php(3): CodeIgniter\Debug\Exceptions->errorHandler()
 2 APPPATH\Views\admin\aboutus.php(7): include('C:\\wamp64\\www\\software-company\\app\\Views\\admin-layout\\view-aboutus.php')
 3 SYSTEMPATH\View\View.php(224): include('C:\\wamp64\\www\\software-company\\app\\Views\\admin\\aboutus.php')
 4 SYSTEMPATH\View\View.php(227): CodeIgniter\View\View->CodeIgniter\View\{closure}()
 5 SYSTEMPATH\Common.php(1180): CodeIgniter\View\View->render()
 6 APPPATH\Controllers\Admin.php(20): view()
 7 SYSTEMPATH\CodeIgniter.php(932): App\Controllers\Admin->aboutus()
 8 SYSTEMPATH\CodeIgniter.php(497): CodeIgniter\CodeIgniter->runController()
 9 SYSTEMPATH\CodeIgniter.php(366): CodeIgniter\CodeIgniter->handleRequest()
10 FCPATH\index.php(67): CodeIgniter\CodeIgniter->run()
11 SYSTEMPATH\Commands\Server\rewrite.php(47): require_once('C:\\wamp64\\www\\software-company\\public\\index.php')
CRITICAL - 2023-06-24 08:09:01 --> Undefined variable $data
in APPPATH\Views\admin-layout\view-aboutus.php on line 3.
 1 APPPATH\Views\admin-layout\view-aboutus.php(3): CodeIgniter\Debug\Exceptions->errorHandler()
 2 APPPATH\Views\admin\aboutus.php(7): include('C:\\wamp64\\www\\software-company\\app\\Views\\admin-layout\\view-aboutus.php')
 3 SYSTEMPATH\View\View.php(224): include('C:\\wamp64\\www\\software-company\\app\\Views\\admin\\aboutus.php')
 4 SYSTEMPATH\View\View.php(227): CodeIgniter\View\View->CodeIgniter\View\{closure}()
 5 SYSTEMPATH\Common.php(1180): CodeIgniter\View\View->render()
 6 APPPATH\Controllers\Admin.php(20): view()
 7 SYSTEMPATH\CodeIgniter.php(932): App\Controllers\Admin->aboutus()
 8 SYSTEMPATH\CodeIgniter.php(497): CodeIgniter\CodeIgniter->runController()
 9 SYSTEMPATH\CodeIgniter.php(366): CodeIgniter\CodeIgniter->handleRequest()
10 FCPATH\index.php(67): CodeIgniter\CodeIgniter->run()
11 SYSTEMPATH\Commands\Server\rewrite.php(47): require_once('C:\\wamp64\\www\\software-company\\public\\index.php')
CRITICAL - 2023-06-24 08:09:17 --> Undefined variable $data
in APPPATH\Views\admin-layout\view-aboutus.php on line 3.
 1 APPPATH\Views\admin-layout\view-aboutus.php(3): CodeIgniter\Debug\Exceptions->errorHandler()
 2 APPPATH\Views\admin\aboutus.php(7): include('C:\\wamp64\\www\\software-company\\app\\Views\\admin-layout\\view-aboutus.php')
 3 SYSTEMPATH\View\View.php(224): include('C:\\wamp64\\www\\software-company\\app\\Views\\admin\\aboutus.php')
 4 SYSTEMPATH\View\View.php(227): CodeIgniter\View\View->CodeIgniter\View\{closure}()
 5 SYSTEMPATH\Common.php(1180): CodeIgniter\View\View->render()
 6 APPPATH\Controllers\Admin.php(20): view()
 7 SYSTEMPATH\CodeIgniter.php(932): App\Controllers\Admin->aboutus()
 8 SYSTEMPATH\CodeIgniter.php(497): CodeIgniter\CodeIgniter->runController()
 9 SYSTEMPATH\CodeIgniter.php(366): CodeIgniter\CodeIgniter->handleRequest()
10 FCPATH\index.php(67): CodeIgniter\CodeIgniter->run()
11 SYSTEMPATH\Commands\Server\rewrite.php(47): require_once('C:\\wamp64\\www\\software-company\\public\\index.php')
CRITICAL - 2023-06-24 08:27:40 --> Undefined variable $data
in APPPATH\Views\admin-layout\view-aboutus.php on line 3.
 1 APPPATH\Views\admin-layout\view-aboutus.php(3): CodeIgniter\Debug\Exceptions->errorHandler()
 2 APPPATH\Views\admin\aboutus.php(7): include('C:\\wamp64\\www\\software-company\\app\\Views\\admin-layout\\view-aboutus.php')
 3 SYSTEMPATH\View\View.php(224): include('C:\\wamp64\\www\\software-company\\app\\Views\\admin\\aboutus.php')
 4 SYSTEMPATH\View\View.php(227): CodeIgniter\View\View->CodeIgniter\View\{closure}()
 5 SYSTEMPATH\Common.php(1180): CodeIgniter\View\View->render()
 6 APPPATH\Controllers\Admin.php(28): view()
 7 SYSTEMPATH\CodeIgniter.php(932): App\Controllers\Admin->aboutus()
 8 SYSTEMPATH\CodeIgniter.php(497): CodeIgniter\CodeIgniter->runController()
 9 SYSTEMPATH\CodeIgniter.php(366): CodeIgniter\CodeIgniter->handleRequest()
10 FCPATH\index.php(67): CodeIgniter\CodeIgniter->run()
11 SYSTEMPATH\Commands\Server\rewrite.php(47): require_once('C:\\wamp64\\www\\software-company\\public\\index.php')
CRITICAL - 2023-06-24 08:28:16 --> Undefined variable $data
in APPPATH\Views\admin-layout\view-aboutus.php on line 3.
 1 APPPATH\Views\admin-layout\view-aboutus.php(3): CodeIgniter\Debug\Exceptions->errorHandler()
 2 APPPATH\Views\admin\aboutus.php(7): include('C:\\wamp64\\www\\software-company\\app\\Views\\admin-layout\\view-aboutus.php')
 3 SYSTEMPATH\View\View.php(224): include('C:\\wamp64\\www\\software-company\\app\\Views\\admin\\aboutus.php')
 4 SYSTEMPATH\View\View.php(227): CodeIgniter\View\View->CodeIgniter\View\{closure}()
 5 SYSTEMPATH\Common.php(1180): CodeIgniter\View\View->render()
 6 APPPATH\Controllers\Admin.php(28): view()
 7 SYSTEMPATH\CodeIgniter.php(932): App\Controllers\Admin->aboutus()
 8 SYSTEMPATH\CodeIgniter.php(497): CodeIgniter\CodeIgniter->runController()
 9 SYSTEMPATH\CodeIgniter.php(366): CodeIgniter\CodeIgniter->handleRequest()
10 FCPATH\index.php(67): CodeIgniter\CodeIgniter->run()
11 SYSTEMPATH\Commands\Server\rewrite.php(47): require_once('C:\\wamp64\\www\\software-company\\public\\index.php')
CRITICAL - 2023-06-24 08:28:43 --> Undefined variable $data
in APPPATH\Views\admin-layout\view-aboutus.php on line 3.
 1 APPPATH\Views\admin-layout\view-aboutus.php(3): CodeIgniter\Debug\Exceptions->errorHandler()
 2 APPPATH\Views\admin\aboutus.php(7): include('C:\\wamp64\\www\\software-company\\app\\Views\\admin-layout\\view-aboutus.php')
 3 SYSTEMPATH\View\View.php(224): include('C:\\wamp64\\www\\software-company\\app\\Views\\admin\\aboutus.php')
 4 SYSTEMPATH\View\View.php(227): CodeIgniter\View\View->CodeIgniter\View\{closure}()
 5 SYSTEMPATH\Common.php(1180): CodeIgniter\View\View->render()
 6 APPPATH\Controllers\Admin.php(28): view()
 7 SYSTEMPATH\CodeIgniter.php(932): App\Controllers\Admin->aboutus()
 8 SYSTEMPATH\CodeIgniter.php(497): CodeIgniter\CodeIgniter->runController()
 9 SYSTEMPATH\CodeIgniter.php(366): CodeIgniter\CodeIgniter->handleRequest()
10 FCPATH\index.php(67): CodeIgniter\CodeIgniter->run()
11 SYSTEMPATH\Commands\Server\rewrite.php(47): require_once('C:\\wamp64\\www\\software-company\\public\\index.php')
CRITICAL - 2023-06-24 08:29:11 --> Undefined array key "$data"
in APPPATH\Views\admin-layout\view-aboutus.php on line 3.
 1 APPPATH\Views\admin-layout\view-aboutus.php(3): CodeIgniter\Debug\Exceptions->errorHandler()
 2 APPPATH\Views\admin\aboutus.php(7): include('C:\\wamp64\\www\\software-company\\app\\Views\\admin-layout\\view-aboutus.php')
 3 SYSTEMPATH\View\View.php(224): include('C:\\wamp64\\www\\software-company\\app\\Views\\admin\\aboutus.php')
 4 SYSTEMPATH\View\View.php(227): CodeIgniter\View\View->CodeIgniter\View\{closure}()
 5 SYSTEMPATH\Common.php(1180): CodeIgniter\View\View->render()
 6 APPPATH\Controllers\Admin.php(28): view()
 7 SYSTEMPATH\CodeIgniter.php(932): App\Controllers\Admin->aboutus()
 8 SYSTEMPATH\CodeIgniter.php(497): CodeIgniter\CodeIgniter->runController()
 9 SYSTEMPATH\CodeIgniter.php(366): CodeIgniter\CodeIgniter->handleRequest()
10 FCPATH\index.php(67): CodeIgniter\CodeIgniter->run()
11 SYSTEMPATH\Commands\Server\rewrite.php(47): require_once('C:\\wamp64\\www\\software-company\\public\\index.php')
CRITICAL - 2023-06-24 08:29:21 --> Undefined array key "data"
in APPPATH\Views\admin-layout\view-aboutus.php on line 3.
 1 APPPATH\Views\admin-layout\view-aboutus.php(3): CodeIgniter\Debug\Exceptions->errorHandler()
 2 APPPATH\Views\admin\aboutus.php(7): include('C:\\wamp64\\www\\software-company\\app\\Views\\admin-layout\\view-aboutus.php')
 3 SYSTEMPATH\View\View.php(224): include('C:\\wamp64\\www\\software-company\\app\\Views\\admin\\aboutus.php')
 4 SYSTEMPATH\View\View.php(227): CodeIgniter\View\View->CodeIgniter\View\{closure}()
 5 SYSTEMPATH\Common.php(1180): CodeIgniter\View\View->render()
 6 APPPATH\Controllers\Admin.php(28): view()
 7 SYSTEMPATH\CodeIgniter.php(932): App\Controllers\Admin->aboutus()
 8 SYSTEMPATH\CodeIgniter.php(497): CodeIgniter\CodeIgniter->runController()
 9 SYSTEMPATH\CodeIgniter.php(366): CodeIgniter\CodeIgniter->handleRequest()
10 FCPATH\index.php(67): CodeIgniter\CodeIgniter->run()
11 SYSTEMPATH\Commands\Server\rewrite.php(47): require_once('C:\\wamp64\\www\\software-company\\public\\index.php')
CRITICAL - 2023-06-24 08:49:01 --> Undefined constant "CodeIgniter\Database\MySQLi\MYSQLI_STORE_RESULT"
in SYSTEMPATH\Database\Database.php on line 137.
 1 SYSTEMPATH\Database\Database.php(55): CodeIgniter\Database\Database->initDriver()
 2 SYSTEMPATH\Database\Config.php(82): CodeIgniter\Database\Database->load()
 3 SYSTEMPATH\Model.php(155): CodeIgniter\Database\Config::connect()
 4 APPPATH\Controllers\Admin.php(28): CodeIgniter\Model->__construct()
 5 SYSTEMPATH\CodeIgniter.php(932): App\Controllers\Admin->aboutus()
 6 SYSTEMPATH\CodeIgniter.php(497): CodeIgniter\CodeIgniter->runController()
 7 SYSTEMPATH\CodeIgniter.php(366): CodeIgniter\CodeIgniter->handleRequest()
 8 FCPATH\index.php(67): CodeIgniter\CodeIgniter->run()
 9 SYSTEMPATH\Commands\Server\rewrite.php(47): require_once('C:\\wamp64\\www\\software-company\\public\\index.php')
CRITICAL - 2023-06-24 08:55:05 --> Undefined constant "CodeIgniter\Database\MySQLi\MYSQLI_STORE_RESULT"
in SYSTEMPATH\Database\Database.php on line 137.
 1 SYSTEMPATH\Database\Database.php(55): CodeIgniter\Database\Database->initDriver()
 2 SYSTEMPATH\Database\Config.php(82): CodeIgniter\Database\Database->load()
 3 SYSTEMPATH\Model.php(155): CodeIgniter\Database\Config::connect()
 4 APPPATH\Controllers\Admin.php(28): CodeIgniter\Model->__construct()
 5 SYSTEMPATH\CodeIgniter.php(932): App\Controllers\Admin->aboutus()
 6 SYSTEMPATH\CodeIgniter.php(497): CodeIgniter\CodeIgniter->runController()
 7 SYSTEMPATH\CodeIgniter.php(366): CodeIgniter\CodeIgniter->handleRequest()
 8 FCPATH\index.php(67): CodeIgniter\CodeIgniter->run()
 9 SYSTEMPATH\Commands\Server\rewrite.php(47): require_once('C:\\wamp64\\www\\software-company\\public\\index.php')
CRITICAL - 2023-06-24 08:55:07 --> Undefined constant "CodeIgniter\Database\MySQLi\MYSQLI_STORE_RESULT"
in SYSTEMPATH\Database\Database.php on line 137.
 1 SYSTEMPATH\Database\Database.php(55): CodeIgniter\Database\Database->initDriver()
 2 SYSTEMPATH\Database\Config.php(82): CodeIgniter\Database\Database->load()
 3 SYSTEMPATH\Model.php(155): CodeIgniter\Database\Config::connect()
 4 APPPATH\Controllers\Admin.php(28): CodeIgniter\Model->__construct()
 5 SYSTEMPATH\CodeIgniter.php(932): App\Controllers\Admin->aboutus()
 6 SYSTEMPATH\CodeIgniter.php(497): CodeIgniter\CodeIgniter->runController()
 7 SYSTEMPATH\CodeIgniter.php(366): CodeIgniter\CodeIgniter->handleRequest()
 8 FCPATH\index.php(67): CodeIgniter\CodeIgniter->run()
 9 SYSTEMPATH\Commands\Server\rewrite.php(47): require_once('C:\\wamp64\\www\\software-company\\public\\index.php')
CRITICAL - 2023-06-24 08:55:12 --> Undefined constant "CodeIgniter\Database\MySQLi\MYSQLI_STORE_RESULT"
in SYSTEMPATH\Database\Database.php on line 137.
 1 SYSTEMPATH\Database\Database.php(55): CodeIgniter\Database\Database->initDriver()
 2 SYSTEMPATH\Database\Config.php(82): CodeIgniter\Database\Database->load()
 3 SYSTEMPATH\Model.php(155): CodeIgniter\Database\Config::connect()
 4 APPPATH\Controllers\Admin.php(28): CodeIgniter\Model->__construct()
 5 SYSTEMPATH\CodeIgniter.php(932): App\Controllers\Admin->aboutus()
 6 SYSTEMPATH\CodeIgniter.php(497): CodeIgniter\CodeIgniter->runController()
 7 SYSTEMPATH\CodeIgniter.php(366): CodeIgniter\CodeIgniter->handleRequest()
 8 FCPATH\index.php(67): CodeIgniter\CodeIgniter->run()
 9 SYSTEMPATH\Commands\Server\rewrite.php(47): require_once('C:\\wamp64\\www\\software-company\\public\\index.php')
CRITICAL - 2023-06-24 09:01:58 --> Undefined constant "CodeIgniter\Database\MySQLi\MYSQLI_STORE_RESULT"
in SYSTEMPATH\Database\Database.php on line 137.
 1 SYSTEMPATH\Database\Database.php(55): CodeIgniter\Database\Database->initDriver()
 2 SYSTEMPATH\Database\Config.php(82): CodeIgniter\Database\Database->load()
 3 SYSTEMPATH\Model.php(155): CodeIgniter\Database\Config::connect()
 4 APPPATH\Controllers\Admin.php(28): CodeIgniter\Model->__construct()
 5 SYSTEMPATH\CodeIgniter.php(932): App\Controllers\Admin->aboutus()
 6 SYSTEMPATH\CodeIgniter.php(497): CodeIgniter\CodeIgniter->runController()
 7 SYSTEMPATH\CodeIgniter.php(366): CodeIgniter\CodeIgniter->handleRequest()
 8 FCPATH\index.php(67): CodeIgniter\CodeIgniter->run()
 9 SYSTEMPATH\Commands\Server\rewrite.php(47): require_once('C:\\wamp64\\www\\software-company\\public\\index.php')
CRITICAL - 2023-06-24 09:08:54 --> Undefined constant "CodeIgniter\Database\MySQLi\MYSQLI_STORE_RESULT"
in SYSTEMPATH\Database\Database.php on line 137.
 1 SYSTEMPATH\Database\Database.php(55): CodeIgniter\Database\Database->initDriver()
 2 SYSTEMPATH\Database\Config.php(82): CodeIgniter\Database\Database->load()
 3 SYSTEMPATH\Model.php(155): CodeIgniter\Database\Config::connect()
 4 APPPATH\Controllers\Admin.php(28): CodeIgniter\Model->__construct()
 5 SYSTEMPATH\CodeIgniter.php(932): App\Controllers\Admin->aboutus()
 6 SYSTEMPATH\CodeIgniter.php(497): CodeIgniter\CodeIgniter->runController()
 7 SYSTEMPATH\CodeIgniter.php(366): CodeIgniter\CodeIgniter->handleRequest()
 8 FCPATH\index.php(67): CodeIgniter\CodeIgniter->run()
 9 SYSTEMPATH\Commands\Server\rewrite.php(47): require_once('C:\\wamp64\\www\\software-company\\public\\index.php')
CRITICAL - 2023-06-24 09:08:54 --> Undefined constant "CodeIgniter\Database\MySQLi\MYSQLI_STORE_RESULT"
in SYSTEMPATH\Database\Database.php on line 137.
 1 SYSTEMPATH\Database\Database.php(55): CodeIgniter\Database\Database->initDriver()
 2 SYSTEMPATH\Database\Config.php(82): CodeIgniter\Database\Database->load()
 3 SYSTEMPATH\Model.php(155): CodeIgniter\Database\Config::connect()
 4 APPPATH\Controllers\Admin.php(28): CodeIgniter\Model->__construct()
 5 SYSTEMPATH\CodeIgniter.php(932): App\Controllers\Admin->aboutus()
 6 SYSTEMPATH\CodeIgniter.php(497): CodeIgniter\CodeIgniter->runController()
 7 SYSTEMPATH\CodeIgniter.php(366): CodeIgniter\CodeIgniter->handleRequest()
 8 FCPATH\index.php(67): CodeIgniter\CodeIgniter->run()
 9 SYSTEMPATH\Commands\Server\rewrite.php(47): require_once('C:\\wamp64\\www\\software-company\\public\\index.php')
CRITICAL - 2023-06-24 09:08:54 --> Undefined constant "CodeIgniter\Database\MySQLi\MYSQLI_STORE_RESULT"
in SYSTEMPATH\Database\Database.php on line 137.
 1 SYSTEMPATH\Database\Database.php(55): CodeIgniter\Database\Database->initDriver()
 2 SYSTEMPATH\Database\Config.php(82): CodeIgniter\Database\Database->load()
 3 SYSTEMPATH\Model.php(155): CodeIgniter\Database\Config::connect()
 4 APPPATH\Controllers\Admin.php(28): CodeIgniter\Model->__construct()
 5 SYSTEMPATH\CodeIgniter.php(932): App\Controllers\Admin->aboutus()
 6 SYSTEMPATH\CodeIgniter.php(497): CodeIgniter\CodeIgniter->runController()
 7 SYSTEMPATH\CodeIgniter.php(366): CodeIgniter\CodeIgniter->handleRequest()
 8 FCPATH\index.php(67): CodeIgniter\CodeIgniter->run()
 9 SYSTEMPATH\Commands\Server\rewrite.php(47): require_once('C:\\wamp64\\www\\software-company\\public\\index.php')
CRITICAL - 2023-06-24 09:10:25 --> Undefined constant "CodeIgniter\Database\MySQLi\MYSQLI_STORE_RESULT"
in SYSTEMPATH\Database\Database.php on line 137.
 1 SYSTEMPATH\Database\Database.php(55): CodeIgniter\Database\Database->initDriver()
 2 SYSTEMPATH\Database\Config.php(82): CodeIgniter\Database\Database->load()
 3 SYSTEMPATH\Model.php(155): CodeIgniter\Database\Config::connect()
 4 APPPATH\Controllers\Admin.php(28): CodeIgniter\Model->__construct()
 5 SYSTEMPATH\CodeIgniter.php(932): App\Controllers\Admin->aboutus()
 6 SYSTEMPATH\CodeIgniter.php(497): CodeIgniter\CodeIgniter->runController()
 7 SYSTEMPATH\CodeIgniter.php(366): CodeIgniter\CodeIgniter->handleRequest()
 8 FCPATH\index.php(67): CodeIgniter\CodeIgniter->run()
 9 SYSTEMPATH\Commands\Server\rewrite.php(47): require_once('C:\\wamp64\\www\\software-company\\public\\index.php')
CRITICAL - 2023-06-24 09:10:28 --> Undefined constant "CodeIgniter\Database\MySQLi\MYSQLI_STORE_RESULT"
in SYSTEMPATH\Database\Database.php on line 137.
 1 SYSTEMPATH\Database\Database.php(55): CodeIgniter\Database\Database->initDriver()
 2 SYSTEMPATH\Database\Config.php(82): CodeIgniter\Database\Database->load()
 3 SYSTEMPATH\Model.php(155): CodeIgniter\Database\Config::connect()
 4 APPPATH\Controllers\Admin.php(28): CodeIgniter\Model->__construct()
 5 SYSTEMPATH\CodeIgniter.php(932): App\Controllers\Admin->aboutus()
 6 SYSTEMPATH\CodeIgniter.php(497): CodeIgniter\CodeIgniter->runController()
 7 SYSTEMPATH\CodeIgniter.php(366): CodeIgniter\CodeIgniter->handleRequest()
 8 FCPATH\index.php(67): CodeIgniter\CodeIgniter->run()
 9 SYSTEMPATH\Commands\Server\rewrite.php(47): require_once('C:\\wamp64\\www\\software-company\\public\\index.php')
CRITICAL - 2023-06-24 09:10:28 --> Undefined constant "CodeIgniter\Database\MySQLi\MYSQLI_STORE_RESULT"
in SYSTEMPATH\Database\Database.php on line 137.
 1 SYSTEMPATH\Database\Database.php(55): CodeIgniter\Database\Database->initDriver()
 2 SYSTEMPATH\Database\Config.php(82): CodeIgniter\Database\Database->load()
 3 SYSTEMPATH\Model.php(155): CodeIgniter\Database\Config::connect()
 4 APPPATH\Controllers\Admin.php(28): CodeIgniter\Model->__construct()
 5 SYSTEMPATH\CodeIgniter.php(932): App\Controllers\Admin->aboutus()
 6 SYSTEMPATH\CodeIgniter.php(497): CodeIgniter\CodeIgniter->runController()
 7 SYSTEMPATH\CodeIgniter.php(366): CodeIgniter\CodeIgniter->handleRequest()
 8 FCPATH\index.php(67): CodeIgniter\CodeIgniter->run()
 9 SYSTEMPATH\Commands\Server\rewrite.php(47): require_once('C:\\wamp64\\www\\software-company\\public\\index.php')
CRITICAL - 2023-06-24 09:10:29 --> Undefined constant "CodeIgniter\Database\MySQLi\MYSQLI_STORE_RESULT"
in SYSTEMPATH\Database\Database.php on line 137.
 1 SYSTEMPATH\Database\Database.php(55): CodeIgniter\Database\Database->initDriver()
 2 SYSTEMPATH\Database\Config.php(82): CodeIgniter\Database\Database->load()
 3 SYSTEMPATH\Model.php(155): CodeIgniter\Database\Config::connect()
 4 APPPATH\Controllers\Admin.php(28): CodeIgniter\Model->__construct()
 5 SYSTEMPATH\CodeIgniter.php(932): App\Controllers\Admin->aboutus()
 6 SYSTEMPATH\CodeIgniter.php(497): CodeIgniter\CodeIgniter->runController()
 7 SYSTEMPATH\CodeIgniter.php(366): CodeIgniter\CodeIgniter->handleRequest()
 8 FCPATH\index.php(67): CodeIgniter\CodeIgniter->run()
 9 SYSTEMPATH\Commands\Server\rewrite.php(47): require_once('C:\\wamp64\\www\\software-company\\public\\index.php')
CRITICAL - 2023-06-24 09:10:29 --> Undefined constant "CodeIgniter\Database\MySQLi\MYSQLI_STORE_RESULT"
in SYSTEMPATH\Database\Database.php on line 137.
 1 SYSTEMPATH\Database\Database.php(55): CodeIgniter\Database\Database->initDriver()
 2 SYSTEMPATH\Database\Config.php(82): CodeIgniter\Database\Database->load()
 3 SYSTEMPATH\Model.php(155): CodeIgniter\Database\Config::connect()
 4 APPPATH\Controllers\Admin.php(28): CodeIgniter\Model->__construct()
 5 SYSTEMPATH\CodeIgniter.php(932): App\Controllers\Admin->aboutus()
 6 SYSTEMPATH\CodeIgniter.php(497): CodeIgniter\CodeIgniter->runController()
 7 SYSTEMPATH\CodeIgniter.php(366): CodeIgniter\CodeIgniter->handleRequest()
 8 FCPATH\index.php(67): CodeIgniter\CodeIgniter->run()
 9 SYSTEMPATH\Commands\Server\rewrite.php(47): require_once('C:\\wamp64\\www\\software-company\\public\\index.php')
CRITICAL - 2023-06-24 09:10:29 --> Undefined constant "CodeIgniter\Database\MySQLi\MYSQLI_STORE_RESULT"
in SYSTEMPATH\Database\Database.php on line 137.
 1 SYSTEMPATH\Database\Database.php(55): CodeIgniter\Database\Database->initDriver()
 2 SYSTEMPATH\Database\Config.php(82): CodeIgniter\Database\Database->load()
 3 SYSTEMPATH\Model.php(155): CodeIgniter\Database\Config::connect()
 4 APPPATH\Controllers\Admin.php(28): CodeIgniter\Model->__construct()
 5 SYSTEMPATH\CodeIgniter.php(932): App\Controllers\Admin->aboutus()
 6 SYSTEMPATH\CodeIgniter.php(497): CodeIgniter\CodeIgniter->runController()
 7 SYSTEMPATH\CodeIgniter.php(366): CodeIgniter\CodeIgniter->handleRequest()
 8 FCPATH\index.php(67): CodeIgniter\CodeIgniter->run()
 9 SYSTEMPATH\Commands\Server\rewrite.php(47): require_once('C:\\wamp64\\www\\software-company\\public\\index.php')
CRITICAL - 2023-06-24 09:10:30 --> Undefined constant "CodeIgniter\Database\MySQLi\MYSQLI_STORE_RESULT"
in SYSTEMPATH\Database\Database.php on line 137.
 1 SYSTEMPATH\Database\Database.php(55): CodeIgniter\Database\Database->initDriver()
 2 SYSTEMPATH\Database\Config.php(82): CodeIgniter\Database\Database->load()
 3 SYSTEMPATH\Model.php(155): CodeIgniter\Database\Config::connect()
 4 APPPATH\Controllers\Admin.php(28): CodeIgniter\Model->__construct()
 5 SYSTEMPATH\CodeIgniter.php(932): App\Controllers\Admin->aboutus()
 6 SYSTEMPATH\CodeIgniter.php(497): CodeIgniter\CodeIgniter->runController()
 7 SYSTEMPATH\CodeIgniter.php(366): CodeIgniter\CodeIgniter->handleRequest()
 8 FCPATH\index.php(67): CodeIgniter\CodeIgniter->run()
 9 SYSTEMPATH\Commands\Server\rewrite.php(47): require_once('C:\\wamp64\\www\\software-company\\public\\index.php')
CRITICAL - 2023-06-24 09:10:55 --> Undefined constant "CodeIgniter\Database\MySQLi\MYSQLI_STORE_RESULT"
in SYSTEMPATH\Database\Database.php on line 137.
 1 SYSTEMPATH\Database\Database.php(55): CodeIgniter\Database\Database->initDriver()
 2 SYSTEMPATH\Database\Config.php(82): CodeIgniter\Database\Database->load()
 3 SYSTEMPATH\Model.php(155): CodeIgniter\Database\Config::connect()
 4 APPPATH\Controllers\Admin.php(28): CodeIgniter\Model->__construct()
 5 SYSTEMPATH\CodeIgniter.php(932): App\Controllers\Admin->aboutus()
 6 SYSTEMPATH\CodeIgniter.php(497): CodeIgniter\CodeIgniter->runController()
 7 SYSTEMPATH\CodeIgniter.php(366): CodeIgniter\CodeIgniter->handleRequest()
 8 FCPATH\index.php(67): CodeIgniter\CodeIgniter->run()
 9 SYSTEMPATH\Commands\Server\rewrite.php(47): require_once('C:\\wamp64\\www\\software-company\\public\\index.php')
CRITICAL - 2023-06-24 10:24:18 --> Undefined variable $about
in APPPATH\Views\admin-layout\view-aboutus.php on line 10.
 1 APPPATH\Views\admin-layout\view-aboutus.php(10): CodeIgniter\Debug\Exceptions->errorHandler(2, 'Undefined variable $about', 'C:\\wamp64\\www\\software-company\\app\\Views\\admin-layout\\view-aboutus.php', 10)
 2 APPPATH\Views\admin\aboutus.php(7): include('C:\\wamp64\\www\\software-company\\app\\Views\\admin-layout\\view-aboutus.php')
 3 SYSTEMPATH\View\View.php(224): include('C:\\wamp64\\www\\software-company\\app\\Views\\admin\\aboutus.php')
 4 SYSTEMPATH\View\View.php(227): CodeIgniter\View\View->CodeIgniter\View\{closure}()
 5 SYSTEMPATH\Common.php(1180): CodeIgniter\View\View->render('admin/aboutus', [], true)
 6 APPPATH\Controllers\Admin.php(31): view('admin/aboutus', [...])
 7 SYSTEMPATH\CodeIgniter.php(932): App\Controllers\Admin->aboutus()
 8 SYSTEMPATH\CodeIgniter.php(497): CodeIgniter\CodeIgniter->runController(Object(App\Controllers\Admin))
 9 SYSTEMPATH\CodeIgniter.php(366): CodeIgniter\CodeIgniter->handleRequest(null, Object(Config\Cache), false)
10 FCPATH\index.php(67): CodeIgniter\CodeIgniter->run()
CRITICAL - 2023-06-24 10:28:46 --> Undefined variable $about
in APPPATH\Views\admin-layout\view-aboutus.php on line 10.
 1 APPPATH\Views\admin-layout\view-aboutus.php(10): CodeIgniter\Debug\Exceptions->errorHandler(2, 'Undefined variable $about', 'C:\\wamp64\\www\\software-company\\app\\Views\\admin-layout\\view-aboutus.php', 10)
 2 APPPATH\Views\admin\aboutus.php(7): include('C:\\wamp64\\www\\software-company\\app\\Views\\admin-layout\\view-aboutus.php')
 3 SYSTEMPATH\View\View.php(224): include('C:\\wamp64\\www\\software-company\\app\\Views\\admin\\aboutus.php')
 4 SYSTEMPATH\View\View.php(227): CodeIgniter\View\View->CodeIgniter\View\{closure}()
 5 SYSTEMPATH\Common.php(1180): CodeIgniter\View\View->render('admin/aboutus', [], true)
 6 APPPATH\Controllers\Admin.php(31): view('admin/aboutus', [...])
 7 SYSTEMPATH\CodeIgniter.php(932): App\Controllers\Admin->aboutus()
 8 SYSTEMPATH\CodeIgniter.php(497): CodeIgniter\CodeIgniter->runController(Object(App\Controllers\Admin))
 9 SYSTEMPATH\CodeIgniter.php(366): CodeIgniter\CodeIgniter->handleRequest(null, Object(Config\Cache), false)
10 FCPATH\index.php(67): CodeIgniter\CodeIgniter->run()
CRITICAL - 2023-06-24 10:29:55 --> Undefined variable $about
in APPPATH\Views\admin-layout\view-aboutus.php on line 10.
 1 APPPATH\Views\admin-layout\view-aboutus.php(10): CodeIgniter\Debug\Exceptions->errorHandler(2, 'Undefined variable $about', 'C:\\wamp64\\www\\software-company\\app\\Views\\admin-layout\\view-aboutus.php', 10)
 2 APPPATH\Views\admin\aboutus.php(7): include('C:\\wamp64\\www\\software-company\\app\\Views\\admin-layout\\view-aboutus.php')
 3 SYSTEMPATH\View\View.php(224): include('C:\\wamp64\\www\\software-company\\app\\Views\\admin\\aboutus.php')
 4 SYSTEMPATH\View\View.php(227): CodeIgniter\View\View->CodeIgniter\View\{closure}()
 5 SYSTEMPATH\Common.php(1180): CodeIgniter\View\View->render('admin/aboutus', [], true)
 6 APPPATH\Controllers\Admin.php(31): view('admin/aboutus', [...])
 7 SYSTEMPATH\CodeIgniter.php(932): App\Controllers\Admin->aboutus()
 8 SYSTEMPATH\CodeIgniter.php(497): CodeIgniter\CodeIgniter->runController(Object(App\Controllers\Admin))
 9 SYSTEMPATH\CodeIgniter.php(366): CodeIgniter\CodeIgniter->handleRequest(null, Object(Config\Cache), false)
10 FCPATH\index.php(67): CodeIgniter\CodeIgniter->run()
CRITICAL - 2023-06-24 10:30:36 --> Undefined property: CodeIgniter\View\View::$aboutus
in APPPATH\Views\admin-layout\view-aboutus.php on line 30.
 1 APPPATH\Views\admin-layout\view-aboutus.php(30): CodeIgniter\Debug\Exceptions->errorHandler(2, 'Undefined property: CodeIgniter\\View\\View::$aboutus', 'C:\\wamp64\\www\\software-company\\app\\Views\\admin-layout\\view-aboutus.php', 30)
 2 APPPATH\Views\admin\aboutus.php(7): include('C:\\wamp64\\www\\software-company\\app\\Views\\admin-layout\\view-aboutus.php')
 3 SYSTEMPATH\View\View.php(224): include('C:\\wamp64\\www\\software-company\\app\\Views\\admin\\aboutus.php')
 4 SYSTEMPATH\View\View.php(227): CodeIgniter\View\View->CodeIgniter\View\{closure}()
 5 SYSTEMPATH\Common.php(1180): CodeIgniter\View\View->render('admin/aboutus', [], true)
 6 APPPATH\Controllers\Admin.php(31): view('admin/aboutus', [...])
 7 SYSTEMPATH\CodeIgniter.php(932): App\Controllers\Admin->aboutus()
 8 SYSTEMPATH\CodeIgniter.php(497): CodeIgniter\CodeIgniter->runController(Object(App\Controllers\Admin))
 9 SYSTEMPATH\CodeIgniter.php(366): CodeIgniter\CodeIgniter->handleRequest(null, Object(Config\Cache), false)
10 FCPATH\index.php(67): CodeIgniter\CodeIgniter->run()
CRITICAL - 2023-06-24 10:30:37 --> Undefined property: CodeIgniter\View\View::$aboutus
in APPPATH\Views\admin-layout\view-aboutus.php on line 30.
 1 APPPATH\Views\admin-layout\view-aboutus.php(30): CodeIgniter\Debug\Exceptions->errorHandler(2, 'Undefined property: CodeIgniter\\View\\View::$aboutus', 'C:\\wamp64\\www\\software-company\\app\\Views\\admin-layout\\view-aboutus.php', 30)
 2 APPPATH\Views\admin\aboutus.php(7): include('C:\\wamp64\\www\\software-company\\app\\Views\\admin-layout\\view-aboutus.php')
 3 SYSTEMPATH\View\View.php(224): include('C:\\wamp64\\www\\software-company\\app\\Views\\admin\\aboutus.php')
 4 SYSTEMPATH\View\View.php(227): CodeIgniter\View\View->CodeIgniter\View\{closure}()
 5 SYSTEMPATH\Common.php(1180): CodeIgniter\View\View->render('admin/aboutus', [], true)
 6 APPPATH\Controllers\Admin.php(31): view('admin/aboutus', [...])
 7 SYSTEMPATH\CodeIgniter.php(932): App\Controllers\Admin->aboutus()
 8 SYSTEMPATH\CodeIgniter.php(497): CodeIgniter\CodeIgniter->runController(Object(App\Controllers\Admin))
 9 SYSTEMPATH\CodeIgniter.php(366): CodeIgniter\CodeIgniter->handleRequest(null, Object(Config\Cache), false)
10 FCPATH\index.php(67): CodeIgniter\CodeIgniter->run()
CRITICAL - 2023-06-24 14:22:23 --> Undefined variable $aboutus
in APPPATH\Views\admin-layout\footer.php on line 2.
 1 APPPATH\Views\admin-layout\footer.php(2): CodeIgniter\Debug\Exceptions->errorHandler(2, 'Undefined variable $aboutus', 'C:\\wamp64\\www\\software-company\\app\\Views\\admin-layout\\footer.php', 2)
 2 APPPATH\Views\admin\create-about-us.php(9): include('C:\\wamp64\\www\\software-company\\app\\Views\\admin-layout\\footer.php')
 3 SYSTEMPATH\View\View.php(224): include('C:\\wamp64\\www\\software-company\\app\\Views\\admin\\create-about-us.php')
 4 SYSTEMPATH\View\View.php(227): CodeIgniter\View\View->CodeIgniter\View\{closure}()
 5 SYSTEMPATH\Common.php(1180): CodeIgniter\View\View->render('admin/create-about-us', [], true)
 6 APPPATH\Controllers\Admin.php(34): view('admin/create-about-us')
 7 SYSTEMPATH\CodeIgniter.php(932): App\Controllers\Admin->createaboutus()
 8 SYSTEMPATH\CodeIgniter.php(497): CodeIgniter\CodeIgniter->runController(Object(App\Controllers\Admin))
 9 SYSTEMPATH\CodeIgniter.php(366): CodeIgniter\CodeIgniter->handleRequest(null, Object(Config\Cache), false)
10 FCPATH\index.php(67): CodeIgniter\CodeIgniter->run()
CRITICAL - 2023-06-24 14:22:32 --> Undefined variable $aboutus
in APPPATH\Views\admin-layout\footer.php on line 2.
 1 APPPATH\Views\admin-layout\footer.php(2): CodeIgniter\Debug\Exceptions->errorHandler(2, 'Undefined variable $aboutus', 'C:\\wamp64\\www\\software-company\\app\\Views\\admin-layout\\footer.php', 2)
 2 APPPATH\Views\admin\create-about-us.php(9): include('C:\\wamp64\\www\\software-company\\app\\Views\\admin-layout\\footer.php')
 3 SYSTEMPATH\View\View.php(224): include('C:\\wamp64\\www\\software-company\\app\\Views\\admin\\create-about-us.php')
 4 SYSTEMPATH\View\View.php(227): CodeIgniter\View\View->CodeIgniter\View\{closure}()
 5 SYSTEMPATH\Common.php(1180): CodeIgniter\View\View->render('admin/create-about-us', [], true)
 6 APPPATH\Controllers\Admin.php(34): view('admin/create-about-us')
 7 SYSTEMPATH\CodeIgniter.php(932): App\Controllers\Admin->createaboutus()
 8 SYSTEMPATH\CodeIgniter.php(497): CodeIgniter\CodeIgniter->runController(Object(App\Controllers\Admin))
 9 SYSTEMPATH\CodeIgniter.php(366): CodeIgniter\CodeIgniter->handleRequest(null, Object(Config\Cache), false)
10 FCPATH\index.php(67): CodeIgniter\CodeIgniter->run()
