ERROR - 2023-06-25 07:06:55 --> mysqli_sql_exception: Column 'description' cannot be null in C:\wamp64\www\software-company\system\Database\MySQLi\Connection.php:295
Stack trace:
#0 C:\wamp64\www\software-company\system\Database\MySQLi\Connection.php(295): mysqli->query('INSERT INTO `ab...', 0)
#1 C:\wamp64\www\software-company\system\Database\BaseConnection.php(692): CodeIgniter\Database\MySQLi\Connection->execute('INSERT INTO `ab...')
#2 C:\wamp64\www\software-company\system\Database\BaseConnection.php(606): CodeIgniter\Database\BaseConnection->simpleQuery('INSERT INTO `ab...')
#3 C:\wamp64\www\software-company\system\Database\BaseBuilder.php(2309): CodeIgniter\Database\BaseConnection->query('INSERT INTO `ab...', Array, false)
#4 C:\wamp64\www\software-company\system\Model.php(330): CodeIgniter\Database\BaseBuilder->insert()
#5 C:\wamp64\www\software-company\system\BaseModel.php(782): CodeIgniter\Model->doInsert(Array)
#6 C:\wamp64\www\software-company\system\Model.php(730): CodeIgniter\BaseModel->insert(Array, true)
#7 C:\wamp64\www\software-company\app\Controllers\Admin.php(52): CodeIgniter\Model->insert(Array)
#8 C:\wamp64\www\software-company\system\CodeIgniter.php(932): App\Controllers\Admin->insert_about_us()
#9 C:\wamp64\www\software-company\system\CodeIgniter.php(497): CodeIgniter\CodeIgniter->runController(Object(App\Controllers\Admin))
#10 C:\wamp64\www\software-company\system\CodeIgniter.php(366): CodeIgniter\CodeIgniter->handleRequest(NULL, Object(Config\Cache), false)
#11 C:\wamp64\www\software-company\public\index.php(67): CodeIgniter\CodeIgniter->run()
#12 {main}
CRITICAL - 2023-06-25 07:06:55 --> Column 'description' cannot be null
in SYSTEMPATH\Database\MySQLi\Connection.php on line 295.
 1 SYSTEMPATH\Database\MySQLi\Connection.php(295): mysqli->query('INSERT INTO `about_us` (`title`, `meta_key_word`, `description`, `is_active`, `created_at`, `updated_at`) VALUES (\'About Us\', \'About Us\', NULL, \'1\', \'06/25/2023 1:06 PM\', \'06/25/2023 1:06 PM\')', 0)
 2 SYSTEMPATH\Database\BaseConnection.php(692): CodeIgniter\Database\MySQLi\Connection->execute('INSERT INTO `about_us` (`title`, `meta_key_word`, `description`, `is_active`, `created_at`, `updated_at`) VALUES (\'About Us\', \'About Us\', NULL, \'1\', \'06/25/2023 1:06 PM\', \'06/25/2023 1:06 PM\')')
 3 SYSTEMPATH\Database\BaseConnection.php(606): CodeIgniter\Database\BaseConnection->simpleQuery('INSERT INTO `about_us` (`title`, `meta_key_word`, `description`, `is_active`, `created_at`, `updated_at`) VALUES (\'About Us\', \'About Us\', NULL, \'1\', \'06/25/2023 1:06 PM\', \'06/25/2023 1:06 PM\')')
 4 SYSTEMPATH\Database\BaseBuilder.php(2309): CodeIgniter\Database\BaseConnection->query('INSERT INTO `about_us` (`title`, `meta_key_word`, `description`, `is_active`, `created_at`, `updated_at`) VALUES (:title:, :meta_key_word:, :description:, :is_active:, :created_at:, :updated_at:)', [...], false)
 5 SYSTEMPATH\Model.php(330): CodeIgniter\Database\BaseBuilder->insert()
 6 SYSTEMPATH\BaseModel.php(782): CodeIgniter\Model->doInsert([...])
 7 SYSTEMPATH\Model.php(730): CodeIgniter\BaseModel->insert([...], true)
 8 APPPATH\Controllers\Admin.php(52): CodeIgniter\Model->insert([...])
 9 SYSTEMPATH\CodeIgniter.php(932): App\Controllers\Admin->insert_about_us()
10 SYSTEMPATH\CodeIgniter.php(497): CodeIgniter\CodeIgniter->runController(Object(App\Controllers\Admin))
11 SYSTEMPATH\CodeIgniter.php(366): CodeIgniter\CodeIgniter->handleRequest(null, Object(Config\Cache), false)
12 FCPATH\index.php(67): CodeIgniter\CodeIgniter->run()
