CRITICAL - 2023-06-22 05:08:41 --> Invalid file: "index.php"
in SYSTEMPATH\Exceptions\FrameworkException.php on line 33.
 1 SYSTEMPATH\View\View.php(212): CodeIgniter\Exceptions\FrameworkException::forInvalidFile('index.php')
 2 SYSTEMPATH\Common.php(1180): CodeIgniter\View\View->render('index', [], true)
 3 APPPATH\Controllers\Home.php(9): view('index')
 4 SYSTEMPATH\CodeIgniter.php(932): App\Controllers\Home->index()
 5 SYSTEMPATH\CodeIgniter.php(497): CodeIgniter\CodeIgniter->runController(Object(App\Controllers\Home))
 6 SYSTEMPATH\CodeIgniter.php(366): CodeIgniter\CodeIgniter->handleRequest(null, Object(Config\Cache), false)
 7 FCPATH\index.php(67): CodeIgniter\CodeIgniter->run()
CRITICAL - 2023-06-22 05:09:00 --> include(layout/header.php): Failed to open stream: No such file or directory
in APPPATH\Views\client-side\index.php on line 3.
 1 APPPATH\Views\client-side\index.php(3): CodeIgniter\Debug\Exceptions->errorHandler(2, 'include(layout/header.php): Failed to open stream: No such file or directory', 'C:\\wamp64\\www\\software-company\\app\\Views\\client-side\\index.php', 3)
 2 APPPATH\Views\client-side\index.php(3): include()
 3 SYSTEMPATH\View\View.php(224): include('C:\\wamp64\\www\\software-company\\app\\Views\\client-side\\index.php')
 4 SYSTEMPATH\View\View.php(227): CodeIgniter\View\View->CodeIgniter\View\{closure}()
 5 SYSTEMPATH\Common.php(1180): CodeIgniter\View\View->render('client-side/index', [], true)
 6 APPPATH\Controllers\Home.php(9): view('client-side/index')
 7 SYSTEMPATH\CodeIgniter.php(932): App\Controllers\Home->index()
 8 SYSTEMPATH\CodeIgniter.php(497): CodeIgniter\CodeIgniter->runController(Object(App\Controllers\Home))
 9 SYSTEMPATH\CodeIgniter.php(366): CodeIgniter\CodeIgniter->handleRequest(null, Object(Config\Cache), false)
10 FCPATH\index.php(67): CodeIgniter\CodeIgniter->run()
CRITICAL - 2023-06-22 05:09:50 --> include(../layout/header.php): Failed to open stream: No such file or directory
in APPPATH\Views\client-side\index.php on line 3.
 1 APPPATH\Views\client-side\index.php(3): CodeIgniter\Debug\Exceptions->errorHandler(2, 'include(../layout/header.php): Failed to open stream: No such file or directory', 'C:\\wamp64\\www\\software-company\\app\\Views\\client-side\\index.php', 3)
 2 APPPATH\Views\client-side\index.php(3): include()
 3 SYSTEMPATH\View\View.php(224): include('C:\\wamp64\\www\\software-company\\app\\Views\\client-side\\index.php')
 4 SYSTEMPATH\View\View.php(227): CodeIgniter\View\View->CodeIgniter\View\{closure}()
 5 SYSTEMPATH\Common.php(1180): CodeIgniter\View\View->render('client-side/index', [], true)
 6 APPPATH\Controllers\Home.php(9): view('client-side/index')
 7 SYSTEMPATH\CodeIgniter.php(932): App\Controllers\Home->index()
 8 SYSTEMPATH\CodeIgniter.php(497): CodeIgniter\CodeIgniter->runController(Object(App\Controllers\Home))
 9 SYSTEMPATH\CodeIgniter.php(366): CodeIgniter\CodeIgniter->handleRequest(null, Object(Config\Cache), false)
10 FCPATH\index.php(67): CodeIgniter\CodeIgniter->run()
CRITICAL - 2023-06-22 05:10:36 --> include(../layout/header.php): Failed to open stream: No such file or directory
in APPPATH\Views\client-side\index.php on line 3.
 1 APPPATH\Views\client-side\index.php(3): CodeIgniter\Debug\Exceptions->errorHandler(2, 'include(../layout/header.php): Failed to open stream: No such file or directory', 'C:\\wamp64\\www\\software-company\\app\\Views\\client-side\\index.php', 3)
 2 APPPATH\Views\client-side\index.php(3): include()
 3 SYSTEMPATH\View\View.php(224): include('C:\\wamp64\\www\\software-company\\app\\Views\\client-side\\index.php')
 4 SYSTEMPATH\View\View.php(227): CodeIgniter\View\View->CodeIgniter\View\{closure}()
 5 SYSTEMPATH\Common.php(1180): CodeIgniter\View\View->render('client-side/index', [], true)
 6 APPPATH\Controllers\Home.php(9): view('client-side/index')
 7 SYSTEMPATH\CodeIgniter.php(932): App\Controllers\Home->index()
 8 SYSTEMPATH\CodeIgniter.php(497): CodeIgniter\CodeIgniter->runController(Object(App\Controllers\Home))
 9 SYSTEMPATH\CodeIgniter.php(366): CodeIgniter\CodeIgniter->handleRequest(null, Object(Config\Cache), false)
10 FCPATH\index.php(67): CodeIgniter\CodeIgniter->run()
CRITICAL - 2023-06-22 05:16:01 --> include(./app/Views/layout/header.php): Failed to open stream: No such file or directory
in APPPATH\Views\client-side\index.php on line 3.
 1 APPPATH\Views\client-side\index.php(3): CodeIgniter\Debug\Exceptions->errorHandler(2, 'include(./app/Views/layout/header.php): Failed to open stream: No such file or directory', 'C:\\wamp64\\www\\software-company\\app\\Views\\client-side\\index.php', 3)
 2 APPPATH\Views\client-side\index.php(3): include()
 3 SYSTEMPATH\View\View.php(224): include('C:\\wamp64\\www\\software-company\\app\\Views\\client-side\\index.php')
 4 SYSTEMPATH\View\View.php(227): CodeIgniter\View\View->CodeIgniter\View\{closure}()
 5 SYSTEMPATH\Common.php(1180): CodeIgniter\View\View->render('client-side/index', [], true)
 6 APPPATH\Controllers\Home.php(9): view('client-side/index')
 7 SYSTEMPATH\CodeIgniter.php(932): App\Controllers\Home->index()
 8 SYSTEMPATH\CodeIgniter.php(497): CodeIgniter\CodeIgniter->runController(Object(App\Controllers\Home))
 9 SYSTEMPATH\CodeIgniter.php(366): CodeIgniter\CodeIgniter->handleRequest(null, Object(Config\Cache), false)
10 FCPATH\index.php(67): CodeIgniter\CodeIgniter->run()
CRITICAL - 2023-06-22 05:22:20 --> include(../layout/header.php): Failed to open stream: No such file or directory
in APPPATH\Views\client\index.php on line 3.
 1 APPPATH\Views\client\index.php(3): CodeIgniter\Debug\Exceptions->errorHandler(2, 'include(../layout/header.php): Failed to open stream: No such file or directory', 'C:\\wamp64\\www\\software-company\\app\\Views\\client\\index.php', 3)
 2 APPPATH\Views\client\index.php(3): include()
 3 SYSTEMPATH\View\View.php(224): include('C:\\wamp64\\www\\software-company\\app\\Views\\client\\index.php')
 4 SYSTEMPATH\View\View.php(227): CodeIgniter\View\View->CodeIgniter\View\{closure}()
 5 SYSTEMPATH\Common.php(1180): CodeIgniter\View\View->render('client/index', [], true)
 6 APPPATH\Controllers\Home.php(9): view('client/index')
 7 SYSTEMPATH\CodeIgniter.php(932): App\Controllers\Home->index()
 8 SYSTEMPATH\CodeIgniter.php(497): CodeIgniter\CodeIgniter->runController(Object(App\Controllers\Home))
 9 SYSTEMPATH\CodeIgniter.php(366): CodeIgniter\CodeIgniter->handleRequest(null, Object(Config\Cache), false)
10 FCPATH\index.php(67): CodeIgniter\CodeIgniter->run()
CRITICAL - 2023-06-22 05:23:26 --> include(../layout/header.php): Failed to open stream: No such file or directory
in APPPATH\Views\client\index.php on line 3.
 1 APPPATH\Views\client\index.php(3): CodeIgniter\Debug\Exceptions->errorHandler(2, 'include(../layout/header.php): Failed to open stream: No such file or directory', 'C:\\wamp64\\www\\software-company\\app\\Views\\client\\index.php', 3)
 2 APPPATH\Views\client\index.php(3): include()
 3 SYSTEMPATH\View\View.php(224): include('C:\\wamp64\\www\\software-company\\app\\Views\\client\\index.php')
 4 SYSTEMPATH\View\View.php(227): CodeIgniter\View\View->CodeIgniter\View\{closure}()
 5 SYSTEMPATH\Common.php(1180): CodeIgniter\View\View->render('client/index', [], true)
 6 APPPATH\Controllers\Home.php(9): view('client/index')
 7 SYSTEMPATH\CodeIgniter.php(932): App\Controllers\Home->index()
 8 SYSTEMPATH\CodeIgniter.php(497): CodeIgniter\CodeIgniter->runController(Object(App\Controllers\Home))
 9 SYSTEMPATH\CodeIgniter.php(366): CodeIgniter\CodeIgniter->handleRequest(null, Object(Config\Cache), false)
10 FCPATH\index.php(67): CodeIgniter\CodeIgniter->run()
CRITICAL - 2023-06-22 05:24:24 --> include(Views/layout/header.php): Failed to open stream: No such file or directory
in APPPATH\Views\client\index.php on line 3.
 1 APPPATH\Views\client\index.php(3): CodeIgniter\Debug\Exceptions->errorHandler(2, 'include(Views/layout/header.php): Failed to open stream: No such file or directory', 'C:\\wamp64\\www\\software-company\\app\\Views\\client\\index.php', 3)
 2 APPPATH\Views\client\index.php(3): include()
 3 SYSTEMPATH\View\View.php(224): include('C:\\wamp64\\www\\software-company\\app\\Views\\client\\index.php')
 4 SYSTEMPATH\View\View.php(227): CodeIgniter\View\View->CodeIgniter\View\{closure}()
 5 SYSTEMPATH\Common.php(1180): CodeIgniter\View\View->render('client/index', [], true)
 6 APPPATH\Controllers\Home.php(9): view('client/index')
 7 SYSTEMPATH\CodeIgniter.php(932): App\Controllers\Home->index()
 8 SYSTEMPATH\CodeIgniter.php(497): CodeIgniter\CodeIgniter->runController(Object(App\Controllers\Home))
 9 SYSTEMPATH\CodeIgniter.php(366): CodeIgniter\CodeIgniter->handleRequest(null, Object(Config\Cache), false)
10 FCPATH\index.php(67): CodeIgniter\CodeIgniter->run()
CRITICAL - 2023-06-22 05:25:51 --> include(layout/header.php): Failed to open stream: No such file or directory
in APPPATH\Views\client\index.php on line 3.
 1 APPPATH\Views\client\index.php(3): CodeIgniter\Debug\Exceptions->errorHandler(2, 'include(layout/header.php): Failed to open stream: No such file or directory', 'C:\\wamp64\\www\\software-company\\app\\Views\\client\\index.php', 3)
 2 APPPATH\Views\client\index.php(3): include()
 3 SYSTEMPATH\View\View.php(224): include('C:\\wamp64\\www\\software-company\\app\\Views\\client\\index.php')
 4 SYSTEMPATH\View\View.php(227): CodeIgniter\View\View->CodeIgniter\View\{closure}()
 5 SYSTEMPATH\Common.php(1180): CodeIgniter\View\View->render('client/index', [], true)
 6 APPPATH\Controllers\Home.php(9): view('client/index')
 7 SYSTEMPATH\CodeIgniter.php(932): App\Controllers\Home->index()
 8 SYSTEMPATH\CodeIgniter.php(497): CodeIgniter\CodeIgniter->runController(Object(App\Controllers\Home))
 9 SYSTEMPATH\CodeIgniter.php(366): CodeIgniter\CodeIgniter->handleRequest(null, Object(Config\Cache), false)
10 FCPATH\index.php(67): CodeIgniter\CodeIgniter->run()
CRITICAL - 2023-06-22 05:41:06 --> include(C:\wamp64\www\software-company\app\Views/layout/testimonial.php): Failed to open stream: No such file or directory
in APPPATH\Views\client\index.php on line 37.
 1 APPPATH\Views\client\index.php(37): CodeIgniter\Debug\Exceptions->errorHandler(2, 'include(C:\\wamp64\\www\\software-company\\app\\Views/layout/testimonial.php): Failed to open stream: No such file or directory', 'C:\\wamp64\\www\\software-company\\app\\Views\\client\\index.php', 37)
 2 APPPATH\Views\client\index.php(37): include()
 3 SYSTEMPATH\View\View.php(224): include('C:\\wamp64\\www\\software-company\\app\\Views\\client\\index.php')
 4 SYSTEMPATH\View\View.php(227): CodeIgniter\View\View->CodeIgniter\View\{closure}()
 5 SYSTEMPATH\Common.php(1180): CodeIgniter\View\View->render('client/index', [], true)
 6 APPPATH\Controllers\Home.php(9): view('client/index')
 7 SYSTEMPATH\CodeIgniter.php(932): App\Controllers\Home->index()
 8 SYSTEMPATH\CodeIgniter.php(497): CodeIgniter\CodeIgniter->runController(Object(App\Controllers\Home))
 9 SYSTEMPATH\CodeIgniter.php(366): CodeIgniter\CodeIgniter->handleRequest(null, Object(Config\Cache), false)
10 FCPATH\index.php(67): CodeIgniter\CodeIgniter->run()
CRITICAL - 2023-06-22 10:01:41 --> Undefined variable $script
in SYSTEMPATH\Debug\Toolbar.php on line 420.
 1 SYSTEMPATH\Debug\Toolbar.php(420): CodeIgniter\Debug\Exceptions->errorHandler()
 2 SYSTEMPATH\Filters\DebugToolbar.php(40): CodeIgniter\Debug\Toolbar->prepare()
 3 SYSTEMPATH\Filters\Filters.php(196): CodeIgniter\Filters\DebugToolbar->after()
 4 SYSTEMPATH\CodeIgniter.php(517): CodeIgniter\Filters\Filters->run()
 5 SYSTEMPATH\CodeIgniter.php(366): CodeIgniter\CodeIgniter->handleRequest()
 6 FCPATH\index.php(67): CodeIgniter\CodeIgniter->run()
 7 SYSTEMPATH\Commands\Server\rewrite.php(47): require_once('C:\\wamp64\\www\\software-company\\public\\index.php')
