INFO - 2023-07-12 03:58:29 --> Session: Class initialized using 'CodeIgniter\Session\Handlers\FileHandler' driver.
INFO - 2023-07-12 04:00:40 --> Session: Class initialized using 'CodeIgniter\Session\Handlers\FileHandler' driver.
INFO - 2023-07-12 04:00:40 --> Session: Class initialized using 'CodeIgniter\Session\Handlers\FileHandler' driver.
INFO - 2023-07-12 04:25:42 --> Session: Class initialized using 'CodeIgniter\Session\Handlers\FileHandler' driver.
INFO - 2023-07-12 04:28:55 --> Session: Class initialized using 'CodeIgniter\Session\Handlers\FileHandler' driver.
INFO - 2023-07-12 04:28:56 --> Session: Class initialized using 'CodeIgniter\Session\Handlers\FileHandler' driver.
CRITICAL - 2023-07-12 05:01:56 --> Undefined array key "images"
in APPPATH\Views\client-layout\slider.php on line 5.
 1 APPPATH\Views\client-layout\slider.php(5): CodeIgniter\Debug\Exceptions->errorHandler(2, 'Undefined array key "images"', 'C:\\wamp64\\www\\software-company\\app\\Views\\client-layout\\slider.php', 5)
 2 APPPATH\Views\client\index.php(4): include('C:\\wamp64\\www\\software-company\\app\\Views\\client-layout\\slider.php')
 3 SYSTEMPATH\View\View.php(224): include('C:\\wamp64\\www\\software-company\\app\\Views\\client\\index.php')
 4 SYSTEMPATH\View\View.php(227): CodeIgniter\View\View->CodeIgniter\View\{closure}()
 5 SYSTEMPATH\Common.php(1180): CodeIgniter\View\View->render('client/index.php', [], true)
 6 APPPATH\Controllers\Client.php(27): view('client/index.php', [...])
 7 SYSTEMPATH\CodeIgniter.php(932): App\Controllers\Client->index()
 8 SYSTEMPATH\CodeIgniter.php(497): CodeIgniter\CodeIgniter->runController(Object(App\Controllers\Client))
 9 SYSTEMPATH\CodeIgniter.php(366): CodeIgniter\CodeIgniter->handleRequest(null, Object(Config\Cache), false)
10 FCPATH\index.php(67): CodeIgniter\CodeIgniter->run()
CRITICAL - 2023-07-12 05:09:33 --> Undefined array key "images"
in APPPATH\Views\client-layout\slider.php on line 7.
 1 APPPATH\Views\client-layout\slider.php(7): CodeIgniter\Debug\Exceptions->errorHandler(2, 'Undefined array key "images"', 'C:\\wamp64\\www\\software-company\\app\\Views\\client-layout\\slider.php', 7)
 2 APPPATH\Views\client\index.php(4): include('C:\\wamp64\\www\\software-company\\app\\Views\\client-layout\\slider.php')
 3 SYSTEMPATH\View\View.php(224): include('C:\\wamp64\\www\\software-company\\app\\Views\\client\\index.php')
 4 SYSTEMPATH\View\View.php(227): CodeIgniter\View\View->CodeIgniter\View\{closure}()
 5 SYSTEMPATH\Common.php(1180): CodeIgniter\View\View->render('client/index.php', [], true)
 6 APPPATH\Controllers\Client.php(27): view('client/index.php', [...])
 7 SYSTEMPATH\CodeIgniter.php(932): App\Controllers\Client->index()
 8 SYSTEMPATH\CodeIgniter.php(497): CodeIgniter\CodeIgniter->runController(Object(App\Controllers\Client))
 9 SYSTEMPATH\CodeIgniter.php(366): CodeIgniter\CodeIgniter->handleRequest(null, Object(Config\Cache), false)
10 FCPATH\index.php(67): CodeIgniter\CodeIgniter->run()
CRITICAL - 2023-07-12 05:10:06 --> Undefined array key "images"
in APPPATH\Views\client-layout\slider.php on line 5.
 1 APPPATH\Views\client-layout\slider.php(5): CodeIgniter\Debug\Exceptions->errorHandler(2, 'Undefined array key "images"', 'C:\\wamp64\\www\\software-company\\app\\Views\\client-layout\\slider.php', 5)
 2 APPPATH\Views\client\index.php(4): include('C:\\wamp64\\www\\software-company\\app\\Views\\client-layout\\slider.php')
 3 SYSTEMPATH\View\View.php(224): include('C:\\wamp64\\www\\software-company\\app\\Views\\client\\index.php')
 4 SYSTEMPATH\View\View.php(227): CodeIgniter\View\View->CodeIgniter\View\{closure}()
 5 SYSTEMPATH\Common.php(1180): CodeIgniter\View\View->render('client/index.php', [], true)
 6 APPPATH\Controllers\Client.php(27): view('client/index.php', [...])
 7 SYSTEMPATH\CodeIgniter.php(932): App\Controllers\Client->index()
 8 SYSTEMPATH\CodeIgniter.php(497): CodeIgniter\CodeIgniter->runController(Object(App\Controllers\Client))
 9 SYSTEMPATH\CodeIgniter.php(366): CodeIgniter\CodeIgniter->handleRequest(null, Object(Config\Cache), false)
10 FCPATH\index.php(67): CodeIgniter\CodeIgniter->run()
CRITICAL - 2023-07-12 05:12:54 --> Undefined array key "images"
in APPPATH\Views\client-layout\slider.php on line 7.
 1 APPPATH\Views\client-layout\slider.php(7): CodeIgniter\Debug\Exceptions->errorHandler(2, 'Undefined array key "images"', 'C:\\wamp64\\www\\software-company\\app\\Views\\client-layout\\slider.php', 7)
 2 APPPATH\Views\client\index.php(4): include('C:\\wamp64\\www\\software-company\\app\\Views\\client-layout\\slider.php')
 3 SYSTEMPATH\View\View.php(224): include('C:\\wamp64\\www\\software-company\\app\\Views\\client\\index.php')
 4 SYSTEMPATH\View\View.php(227): CodeIgniter\View\View->CodeIgniter\View\{closure}()
 5 SYSTEMPATH\Common.php(1180): CodeIgniter\View\View->render('client/index.php', [], true)
 6 APPPATH\Controllers\Client.php(27): view('client/index.php', [...])
 7 SYSTEMPATH\CodeIgniter.php(932): App\Controllers\Client->index()
 8 SYSTEMPATH\CodeIgniter.php(497): CodeIgniter\CodeIgniter->runController(Object(App\Controllers\Client))
 9 SYSTEMPATH\CodeIgniter.php(366): CodeIgniter\CodeIgniter->handleRequest(null, Object(Config\Cache), false)
10 FCPATH\index.php(67): CodeIgniter\CodeIgniter->run()
CRITICAL - 2023-07-12 05:14:05 --> Undefined array key "images"
in APPPATH\Views\client-layout\slider.php on line 5.
 1 APPPATH\Views\client-layout\slider.php(5): CodeIgniter\Debug\Exceptions->errorHandler(2, 'Undefined array key "images"', 'C:\\wamp64\\www\\software-company\\app\\Views\\client-layout\\slider.php', 5)
 2 APPPATH\Views\client\index.php(4): include('C:\\wamp64\\www\\software-company\\app\\Views\\client-layout\\slider.php')
 3 SYSTEMPATH\View\View.php(224): include('C:\\wamp64\\www\\software-company\\app\\Views\\client\\index.php')
 4 SYSTEMPATH\View\View.php(227): CodeIgniter\View\View->CodeIgniter\View\{closure}()
 5 SYSTEMPATH\Common.php(1180): CodeIgniter\View\View->render('client/index.php', [], true)
 6 APPPATH\Controllers\Client.php(27): view('client/index.php', [...])
 7 SYSTEMPATH\CodeIgniter.php(932): App\Controllers\Client->index()
 8 SYSTEMPATH\CodeIgniter.php(497): CodeIgniter\CodeIgniter->runController(Object(App\Controllers\Client))
 9 SYSTEMPATH\CodeIgniter.php(366): CodeIgniter\CodeIgniter->handleRequest(null, Object(Config\Cache), false)
10 FCPATH\index.php(67): CodeIgniter\CodeIgniter->run()
CRITICAL - 2023-07-12 05:14:06 --> Undefined array key "images"
in APPPATH\Views\client-layout\slider.php on line 5.
 1 APPPATH\Views\client-layout\slider.php(5): CodeIgniter\Debug\Exceptions->errorHandler(2, 'Undefined array key "images"', 'C:\\wamp64\\www\\software-company\\app\\Views\\client-layout\\slider.php', 5)
 2 APPPATH\Views\client\index.php(4): include('C:\\wamp64\\www\\software-company\\app\\Views\\client-layout\\slider.php')
 3 SYSTEMPATH\View\View.php(224): include('C:\\wamp64\\www\\software-company\\app\\Views\\client\\index.php')
 4 SYSTEMPATH\View\View.php(227): CodeIgniter\View\View->CodeIgniter\View\{closure}()
 5 SYSTEMPATH\Common.php(1180): CodeIgniter\View\View->render('client/index.php', [], true)
 6 APPPATH\Controllers\Client.php(27): view('client/index.php', [...])
 7 SYSTEMPATH\CodeIgniter.php(932): App\Controllers\Client->index()
 8 SYSTEMPATH\CodeIgniter.php(497): CodeIgniter\CodeIgniter->runController(Object(App\Controllers\Client))
 9 SYSTEMPATH\CodeIgniter.php(366): CodeIgniter\CodeIgniter->handleRequest(null, Object(Config\Cache), false)
10 FCPATH\index.php(67): CodeIgniter\CodeIgniter->run()
CRITICAL - 2023-07-12 05:19:25 --> Undefined array key "images"
in APPPATH\Views\client-layout\slider.php on line 5.
 1 APPPATH\Views\client-layout\slider.php(5): CodeIgniter\Debug\Exceptions->errorHandler(2, 'Undefined array key "images"', 'C:\\wamp64\\www\\software-company\\app\\Views\\client-layout\\slider.php', 5)
 2 APPPATH\Views\client\index.php(4): include('C:\\wamp64\\www\\software-company\\app\\Views\\client-layout\\slider.php')
 3 SYSTEMPATH\View\View.php(224): include('C:\\wamp64\\www\\software-company\\app\\Views\\client\\index.php')
 4 SYSTEMPATH\View\View.php(227): CodeIgniter\View\View->CodeIgniter\View\{closure}()
 5 SYSTEMPATH\Common.php(1180): CodeIgniter\View\View->render('client/index.php', [], true)
 6 APPPATH\Controllers\Client.php(27): view('client/index.php', [...])
 7 SYSTEMPATH\CodeIgniter.php(932): App\Controllers\Client->index()
 8 SYSTEMPATH\CodeIgniter.php(497): CodeIgniter\CodeIgniter->runController(Object(App\Controllers\Client))
 9 SYSTEMPATH\CodeIgniter.php(366): CodeIgniter\CodeIgniter->handleRequest(null, Object(Config\Cache), false)
10 FCPATH\index.php(67): CodeIgniter\CodeIgniter->run()
INFO - 2023-07-12 05:24:02 --> Session: Class initialized using 'CodeIgniter\Session\Handlers\FileHandler' driver.
INFO - 2023-07-12 05:25:02 --> Session: Class initialized using 'CodeIgniter\Session\Handlers\FileHandler' driver.
INFO - 2023-07-12 05:25:03 --> Session: Class initialized using 'CodeIgniter\Session\Handlers\FileHandler' driver.
CRITICAL - 2023-07-12 05:33:27 --> Undefined array key "images"
in APPPATH\Views\client-layout\slider.php on line 5.
 1 APPPATH\Views\client-layout\slider.php(5): CodeIgniter\Debug\Exceptions->errorHandler(2, 'Undefined array key "images"', 'C:\\wamp64\\www\\software-company\\app\\Views\\client-layout\\slider.php', 5)
 2 APPPATH\Views\client\index.php(4): include('C:\\wamp64\\www\\software-company\\app\\Views\\client-layout\\slider.php')
 3 SYSTEMPATH\View\View.php(224): include('C:\\wamp64\\www\\software-company\\app\\Views\\client\\index.php')
 4 SYSTEMPATH\View\View.php(227): CodeIgniter\View\View->CodeIgniter\View\{closure}()
 5 SYSTEMPATH\Common.php(1180): CodeIgniter\View\View->render('client/index.php', [], true)
 6 APPPATH\Controllers\Client.php(27): view('client/index.php', [...])
 7 SYSTEMPATH\CodeIgniter.php(932): App\Controllers\Client->index()
 8 SYSTEMPATH\CodeIgniter.php(497): CodeIgniter\CodeIgniter->runController(Object(App\Controllers\Client))
 9 SYSTEMPATH\CodeIgniter.php(366): CodeIgniter\CodeIgniter->handleRequest(null, Object(Config\Cache), false)
10 FCPATH\index.php(67): CodeIgniter\CodeIgniter->run()
CRITICAL - 2023-07-12 05:33:28 --> Undefined array key "images"
in APPPATH\Views\client-layout\slider.php on line 5.
 1 APPPATH\Views\client-layout\slider.php(5): CodeIgniter\Debug\Exceptions->errorHandler(2, 'Undefined array key "images"', 'C:\\wamp64\\www\\software-company\\app\\Views\\client-layout\\slider.php', 5)
 2 APPPATH\Views\client\index.php(4): include('C:\\wamp64\\www\\software-company\\app\\Views\\client-layout\\slider.php')
 3 SYSTEMPATH\View\View.php(224): include('C:\\wamp64\\www\\software-company\\app\\Views\\client\\index.php')
 4 SYSTEMPATH\View\View.php(227): CodeIgniter\View\View->CodeIgniter\View\{closure}()
 5 SYSTEMPATH\Common.php(1180): CodeIgniter\View\View->render('client/index.php', [], true)
 6 APPPATH\Controllers\Client.php(27): view('client/index.php', [...])
 7 SYSTEMPATH\CodeIgniter.php(932): App\Controllers\Client->index()
 8 SYSTEMPATH\CodeIgniter.php(497): CodeIgniter\CodeIgniter->runController(Object(App\Controllers\Client))
 9 SYSTEMPATH\CodeIgniter.php(366): CodeIgniter\CodeIgniter->handleRequest(null, Object(Config\Cache), false)
10 FCPATH\index.php(67): CodeIgniter\CodeIgniter->run()
CRITICAL - 2023-07-12 05:35:24 --> Undefined array key "images"
in APPPATH\Views\client-layout\slider.php on line 31.
 1 APPPATH\Views\client-layout\slider.php(31): CodeIgniter\Debug\Exceptions->errorHandler(2, 'Undefined array key "images"', 'C:\\wamp64\\www\\software-company\\app\\Views\\client-layout\\slider.php', 31)
 2 APPPATH\Views\client\index.php(4): include('C:\\wamp64\\www\\software-company\\app\\Views\\client-layout\\slider.php')
 3 SYSTEMPATH\View\View.php(224): include('C:\\wamp64\\www\\software-company\\app\\Views\\client\\index.php')
 4 SYSTEMPATH\View\View.php(227): CodeIgniter\View\View->CodeIgniter\View\{closure}()
 5 SYSTEMPATH\Common.php(1180): CodeIgniter\View\View->render('client/index.php', [], true)
 6 APPPATH\Controllers\Client.php(27): view('client/index.php', [...])
 7 SYSTEMPATH\CodeIgniter.php(932): App\Controllers\Client->index()
 8 SYSTEMPATH\CodeIgniter.php(497): CodeIgniter\CodeIgniter->runController(Object(App\Controllers\Client))
 9 SYSTEMPATH\CodeIgniter.php(366): CodeIgniter\CodeIgniter->handleRequest(null, Object(Config\Cache), false)
10 FCPATH\index.php(67): CodeIgniter\CodeIgniter->run()
CRITICAL - 2023-07-12 05:37:26 --> Undefined array key "images"
in APPPATH\Views\client-layout\slider.php on line 31.
 1 APPPATH\Views\client-layout\slider.php(31): CodeIgniter\Debug\Exceptions->errorHandler(2, 'Undefined array key "images"', 'C:\\wamp64\\www\\software-company\\app\\Views\\client-layout\\slider.php', 31)
 2 APPPATH\Views\client\index.php(4): include('C:\\wamp64\\www\\software-company\\app\\Views\\client-layout\\slider.php')
 3 SYSTEMPATH\View\View.php(224): include('C:\\wamp64\\www\\software-company\\app\\Views\\client\\index.php')
 4 SYSTEMPATH\View\View.php(227): CodeIgniter\View\View->CodeIgniter\View\{closure}()
 5 SYSTEMPATH\Common.php(1180): CodeIgniter\View\View->render('client/index.php', [], true)
 6 APPPATH\Controllers\Client.php(27): view('client/index.php', [...])
 7 SYSTEMPATH\CodeIgniter.php(932): App\Controllers\Client->index()
 8 SYSTEMPATH\CodeIgniter.php(497): CodeIgniter\CodeIgniter->runController(Object(App\Controllers\Client))
 9 SYSTEMPATH\CodeIgniter.php(366): CodeIgniter\CodeIgniter->handleRequest(null, Object(Config\Cache), false)
10 FCPATH\index.php(67): CodeIgniter\CodeIgniter->run()
CRITICAL - 2023-07-12 05:37:27 --> Undefined array key "images"
in APPPATH\Views\client-layout\slider.php on line 31.
 1 APPPATH\Views\client-layout\slider.php(31): CodeIgniter\Debug\Exceptions->errorHandler(2, 'Undefined array key "images"', 'C:\\wamp64\\www\\software-company\\app\\Views\\client-layout\\slider.php', 31)
 2 APPPATH\Views\client\index.php(4): include('C:\\wamp64\\www\\software-company\\app\\Views\\client-layout\\slider.php')
 3 SYSTEMPATH\View\View.php(224): include('C:\\wamp64\\www\\software-company\\app\\Views\\client\\index.php')
 4 SYSTEMPATH\View\View.php(227): CodeIgniter\View\View->CodeIgniter\View\{closure}()
 5 SYSTEMPATH\Common.php(1180): CodeIgniter\View\View->render('client/index.php', [], true)
 6 APPPATH\Controllers\Client.php(27): view('client/index.php', [...])
 7 SYSTEMPATH\CodeIgniter.php(932): App\Controllers\Client->index()
 8 SYSTEMPATH\CodeIgniter.php(497): CodeIgniter\CodeIgniter->runController(Object(App\Controllers\Client))
 9 SYSTEMPATH\CodeIgniter.php(366): CodeIgniter\CodeIgniter->handleRequest(null, Object(Config\Cache), false)
10 FCPATH\index.php(67): CodeIgniter\CodeIgniter->run()
CRITICAL - 2023-07-12 05:37:28 --> Undefined array key "images"
in APPPATH\Views\client-layout\slider.php on line 31.
 1 APPPATH\Views\client-layout\slider.php(31): CodeIgniter\Debug\Exceptions->errorHandler(2, 'Undefined array key "images"', 'C:\\wamp64\\www\\software-company\\app\\Views\\client-layout\\slider.php', 31)
 2 APPPATH\Views\client\index.php(4): include('C:\\wamp64\\www\\software-company\\app\\Views\\client-layout\\slider.php')
 3 SYSTEMPATH\View\View.php(224): include('C:\\wamp64\\www\\software-company\\app\\Views\\client\\index.php')
 4 SYSTEMPATH\View\View.php(227): CodeIgniter\View\View->CodeIgniter\View\{closure}()
 5 SYSTEMPATH\Common.php(1180): CodeIgniter\View\View->render('client/index.php', [], true)
 6 APPPATH\Controllers\Client.php(27): view('client/index.php', [...])
 7 SYSTEMPATH\CodeIgniter.php(932): App\Controllers\Client->index()
 8 SYSTEMPATH\CodeIgniter.php(497): CodeIgniter\CodeIgniter->runController(Object(App\Controllers\Client))
 9 SYSTEMPATH\CodeIgniter.php(366): CodeIgniter\CodeIgniter->handleRequest(null, Object(Config\Cache), false)
10 FCPATH\index.php(67): CodeIgniter\CodeIgniter->run()
CRITICAL - 2023-07-12 05:37:43 --> Undefined array key "images"
in APPPATH\Views\client-layout\slider.php on line 31.
 1 APPPATH\Views\client-layout\slider.php(31): CodeIgniter\Debug\Exceptions->errorHandler(2, 'Undefined array key "images"', 'C:\\wamp64\\www\\software-company\\app\\Views\\client-layout\\slider.php', 31)
 2 APPPATH\Views\client\index.php(4): include('C:\\wamp64\\www\\software-company\\app\\Views\\client-layout\\slider.php')
 3 SYSTEMPATH\View\View.php(224): include('C:\\wamp64\\www\\software-company\\app\\Views\\client\\index.php')
 4 SYSTEMPATH\View\View.php(227): CodeIgniter\View\View->CodeIgniter\View\{closure}()
 5 SYSTEMPATH\Common.php(1180): CodeIgniter\View\View->render('client/index.php', [], true)
 6 APPPATH\Controllers\Client.php(27): view('client/index.php', [...])
 7 SYSTEMPATH\CodeIgniter.php(932): App\Controllers\Client->index()
 8 SYSTEMPATH\CodeIgniter.php(497): CodeIgniter\CodeIgniter->runController(Object(App\Controllers\Client))
 9 SYSTEMPATH\CodeIgniter.php(366): CodeIgniter\CodeIgniter->handleRequest(null, Object(Config\Cache), false)
10 FCPATH\index.php(67): CodeIgniter\CodeIgniter->run()
CRITICAL - 2023-07-12 05:39:46 --> Undefined array key "images"
in APPPATH\Views\client-layout\slider.php on line 5.
 1 APPPATH\Views\client-layout\slider.php(5): CodeIgniter\Debug\Exceptions->errorHandler(2, 'Undefined array key "images"', 'C:\\wamp64\\www\\software-company\\app\\Views\\client-layout\\slider.php', 5)
 2 APPPATH\Views\client\index.php(4): include('C:\\wamp64\\www\\software-company\\app\\Views\\client-layout\\slider.php')
 3 SYSTEMPATH\View\View.php(224): include('C:\\wamp64\\www\\software-company\\app\\Views\\client\\index.php')
 4 SYSTEMPATH\View\View.php(227): CodeIgniter\View\View->CodeIgniter\View\{closure}()
 5 SYSTEMPATH\Common.php(1180): CodeIgniter\View\View->render('client/index.php', [], true)
 6 APPPATH\Controllers\Client.php(27): view('client/index.php', [...])
 7 SYSTEMPATH\CodeIgniter.php(932): App\Controllers\Client->index()
 8 SYSTEMPATH\CodeIgniter.php(497): CodeIgniter\CodeIgniter->runController(Object(App\Controllers\Client))
 9 SYSTEMPATH\CodeIgniter.php(366): CodeIgniter\CodeIgniter->handleRequest(null, Object(Config\Cache), false)
10 FCPATH\index.php(67): CodeIgniter\CodeIgniter->run()
CRITICAL - 2023-07-12 05:50:30 --> Undefined array key "images"
in APPPATH\Views\client-layout\slider.php on line 5.
 1 APPPATH\Views\client-layout\slider.php(5): CodeIgniter\Debug\Exceptions->errorHandler(2, 'Undefined array key "images"', 'C:\\wamp64\\www\\software-company\\app\\Views\\client-layout\\slider.php', 5)
 2 APPPATH\Views\client\index.php(4): include('C:\\wamp64\\www\\software-company\\app\\Views\\client-layout\\slider.php')
 3 SYSTEMPATH\View\View.php(224): include('C:\\wamp64\\www\\software-company\\app\\Views\\client\\index.php')
 4 SYSTEMPATH\View\View.php(227): CodeIgniter\View\View->CodeIgniter\View\{closure}()
 5 SYSTEMPATH\Common.php(1180): CodeIgniter\View\View->render('client/index.php', [], true)
 6 APPPATH\Controllers\Client.php(27): view('client/index.php', [...])
 7 SYSTEMPATH\CodeIgniter.php(932): App\Controllers\Client->index()
 8 SYSTEMPATH\CodeIgniter.php(497): CodeIgniter\CodeIgniter->runController(Object(App\Controllers\Client))
 9 SYSTEMPATH\CodeIgniter.php(366): CodeIgniter\CodeIgniter->handleRequest(null, Object(Config\Cache), false)
10 FCPATH\index.php(67): CodeIgniter\CodeIgniter->run()
CRITICAL - 2023-07-12 05:53:52 --> Undefined array key "images"
in APPPATH\Views\client-layout\slider.php on line 5.
 1 APPPATH\Views\client-layout\slider.php(5): CodeIgniter\Debug\Exceptions->errorHandler(2, 'Undefined array key "images"', 'C:\\wamp64\\www\\software-company\\app\\Views\\client-layout\\slider.php', 5)
 2 APPPATH\Views\client\index.php(4): include('C:\\wamp64\\www\\software-company\\app\\Views\\client-layout\\slider.php')
 3 SYSTEMPATH\View\View.php(224): include('C:\\wamp64\\www\\software-company\\app\\Views\\client\\index.php')
 4 SYSTEMPATH\View\View.php(227): CodeIgniter\View\View->CodeIgniter\View\{closure}()
 5 SYSTEMPATH\Common.php(1180): CodeIgniter\View\View->render('client/index.php', [], true)
 6 APPPATH\Controllers\Client.php(27): view('client/index.php', [...])
 7 SYSTEMPATH\CodeIgniter.php(932): App\Controllers\Client->index()
 8 SYSTEMPATH\CodeIgniter.php(497): CodeIgniter\CodeIgniter->runController(Object(App\Controllers\Client))
 9 SYSTEMPATH\CodeIgniter.php(366): CodeIgniter\CodeIgniter->handleRequest(null, Object(Config\Cache), false)
10 FCPATH\index.php(67): CodeIgniter\CodeIgniter->run()
CRITICAL - 2023-07-12 05:54:01 --> Undefined array key "images"
in APPPATH\Views\client-layout\slider.php on line 31.
 1 APPPATH\Views\client-layout\slider.php(31): CodeIgniter\Debug\Exceptions->errorHandler(2, 'Undefined array key "images"', 'C:\\wamp64\\www\\software-company\\app\\Views\\client-layout\\slider.php', 31)
 2 APPPATH\Views\client\index.php(4): include('C:\\wamp64\\www\\software-company\\app\\Views\\client-layout\\slider.php')
 3 SYSTEMPATH\View\View.php(224): include('C:\\wamp64\\www\\software-company\\app\\Views\\client\\index.php')
 4 SYSTEMPATH\View\View.php(227): CodeIgniter\View\View->CodeIgniter\View\{closure}()
 5 SYSTEMPATH\Common.php(1180): CodeIgniter\View\View->render('client/index.php', [], true)
 6 APPPATH\Controllers\Client.php(27): view('client/index.php', [...])
 7 SYSTEMPATH\CodeIgniter.php(932): App\Controllers\Client->index()
 8 SYSTEMPATH\CodeIgniter.php(497): CodeIgniter\CodeIgniter->runController(Object(App\Controllers\Client))
 9 SYSTEMPATH\CodeIgniter.php(366): CodeIgniter\CodeIgniter->handleRequest(null, Object(Config\Cache), false)
10 FCPATH\index.php(67): CodeIgniter\CodeIgniter->run()
CRITICAL - 2023-07-12 08:51:22 --> Array to string conversion
in APPPATH\Views\client-layout\slider.php on line 36.
 1 APPPATH\Views\client-layout\slider.php(36): CodeIgniter\Debug\Exceptions->errorHandler(2, 'Array to string conversion', 'C:\\wamp64\\www\\software-company\\app\\Views\\client-layout\\slider.php', 36)
 2 APPPATH\Views\client\index.php(4): include('C:\\wamp64\\www\\software-company\\app\\Views\\client-layout\\slider.php')
 3 SYSTEMPATH\View\View.php(224): include('C:\\wamp64\\www\\software-company\\app\\Views\\client\\index.php')
 4 SYSTEMPATH\View\View.php(227): CodeIgniter\View\View->CodeIgniter\View\{closure}()
 5 SYSTEMPATH\Common.php(1180): CodeIgniter\View\View->render('client/index.php', [], true)
 6 APPPATH\Controllers\Client.php(26): view('client/index.php', [...])
 7 SYSTEMPATH\CodeIgniter.php(932): App\Controllers\Client->index()
 8 SYSTEMPATH\CodeIgniter.php(497): CodeIgniter\CodeIgniter->runController(Object(App\Controllers\Client))
 9 SYSTEMPATH\CodeIgniter.php(366): CodeIgniter\CodeIgniter->handleRequest(null, Object(Config\Cache), false)
10 FCPATH\index.php(67): CodeIgniter\CodeIgniter->run()
CRITICAL - 2023-07-12 08:51:41 --> Array to string conversion
in APPPATH\Views\client-layout\slider.php on line 36.
 1 APPPATH\Views\client-layout\slider.php(36): CodeIgniter\Debug\Exceptions->errorHandler(2, 'Array to string conversion', 'C:\\wamp64\\www\\software-company\\app\\Views\\client-layout\\slider.php', 36)
 2 APPPATH\Views\client\index.php(4): include('C:\\wamp64\\www\\software-company\\app\\Views\\client-layout\\slider.php')
 3 SYSTEMPATH\View\View.php(224): include('C:\\wamp64\\www\\software-company\\app\\Views\\client\\index.php')
 4 SYSTEMPATH\View\View.php(227): CodeIgniter\View\View->CodeIgniter\View\{closure}()
 5 SYSTEMPATH\Common.php(1180): CodeIgniter\View\View->render('client/index.php', [], true)
 6 APPPATH\Controllers\Client.php(26): view('client/index.php', [...])
 7 SYSTEMPATH\CodeIgniter.php(932): App\Controllers\Client->index()
 8 SYSTEMPATH\CodeIgniter.php(497): CodeIgniter\CodeIgniter->runController(Object(App\Controllers\Client))
 9 SYSTEMPATH\CodeIgniter.php(366): CodeIgniter\CodeIgniter->handleRequest(null, Object(Config\Cache), false)
10 FCPATH\index.php(67): CodeIgniter\CodeIgniter->run()
CRITICAL - 2023-07-12 08:51:43 --> Array to string conversion
in APPPATH\Views\client-layout\slider.php on line 36.
 1 APPPATH\Views\client-layout\slider.php(36): CodeIgniter\Debug\Exceptions->errorHandler(2, 'Array to string conversion', 'C:\\wamp64\\www\\software-company\\app\\Views\\client-layout\\slider.php', 36)
 2 APPPATH\Views\client\index.php(4): include('C:\\wamp64\\www\\software-company\\app\\Views\\client-layout\\slider.php')
 3 SYSTEMPATH\View\View.php(224): include('C:\\wamp64\\www\\software-company\\app\\Views\\client\\index.php')
 4 SYSTEMPATH\View\View.php(227): CodeIgniter\View\View->CodeIgniter\View\{closure}()
 5 SYSTEMPATH\Common.php(1180): CodeIgniter\View\View->render('client/index.php', [], true)
 6 APPPATH\Controllers\Client.php(26): view('client/index.php', [...])
 7 SYSTEMPATH\CodeIgniter.php(932): App\Controllers\Client->index()
 8 SYSTEMPATH\CodeIgniter.php(497): CodeIgniter\CodeIgniter->runController(Object(App\Controllers\Client))
 9 SYSTEMPATH\CodeIgniter.php(366): CodeIgniter\CodeIgniter->handleRequest(null, Object(Config\Cache), false)
10 FCPATH\index.php(67): CodeIgniter\CodeIgniter->run()
CRITICAL - 2023-07-12 08:55:32 --> Undefined array key "icon"
in APPPATH\Views\client-layout\slider.php on line 42.
 1 APPPATH\Views\client-layout\slider.php(42): CodeIgniter\Debug\Exceptions->errorHandler(2, 'Undefined array key "icon"', 'C:\\wamp64\\www\\software-company\\app\\Views\\client-layout\\slider.php', 42)
 2 APPPATH\Views\client\index.php(4): include('C:\\wamp64\\www\\software-company\\app\\Views\\client-layout\\slider.php')
 3 SYSTEMPATH\View\View.php(224): include('C:\\wamp64\\www\\software-company\\app\\Views\\client\\index.php')
 4 SYSTEMPATH\View\View.php(227): CodeIgniter\View\View->CodeIgniter\View\{closure}()
 5 SYSTEMPATH\Common.php(1180): CodeIgniter\View\View->render('client/index.php', [], true)
 6 APPPATH\Controllers\Client.php(26): view('client/index.php', [...])
 7 SYSTEMPATH\CodeIgniter.php(932): App\Controllers\Client->index()
 8 SYSTEMPATH\CodeIgniter.php(497): CodeIgniter\CodeIgniter->runController(Object(App\Controllers\Client))
 9 SYSTEMPATH\CodeIgniter.php(366): CodeIgniter\CodeIgniter->handleRequest(null, Object(Config\Cache), false)
10 FCPATH\index.php(67): CodeIgniter\CodeIgniter->run()
CRITICAL - 2023-07-12 10:17:50 --> Undefined array key "icon"
in APPPATH\Views\client-layout\slider.php on line 16.
 1 APPPATH\Views\client-layout\slider.php(16): CodeIgniter\Debug\Exceptions->errorHandler(2, 'Undefined array key "icon"', 'C:\\wamp64\\www\\software-company\\app\\Views\\client-layout\\slider.php', 16)
 2 APPPATH\Views\client\index.php(4): include('C:\\wamp64\\www\\software-company\\app\\Views\\client-layout\\slider.php')
 3 SYSTEMPATH\View\View.php(224): include('C:\\wamp64\\www\\software-company\\app\\Views\\client\\index.php')
 4 SYSTEMPATH\View\View.php(227): CodeIgniter\View\View->CodeIgniter\View\{closure}()
 5 SYSTEMPATH\Common.php(1180): CodeIgniter\View\View->render('client/index.php', [], true)
 6 APPPATH\Controllers\Client.php(29): view('client/index.php', [...])
 7 SYSTEMPATH\CodeIgniter.php(932): App\Controllers\Client->index()
 8 SYSTEMPATH\CodeIgniter.php(497): CodeIgniter\CodeIgniter->runController(Object(App\Controllers\Client))
 9 SYSTEMPATH\CodeIgniter.php(366): CodeIgniter\CodeIgniter->handleRequest(null, Object(Config\Cache), false)
10 FCPATH\index.php(67): CodeIgniter\CodeIgniter->run()
INFO - 2023-07-12 11:29:11 --> Session: Class initialized using 'CodeIgniter\Session\Handlers\FileHandler' driver.
INFO - 2023-07-12 11:30:31 --> Session: Class initialized using 'CodeIgniter\Session\Handlers\FileHandler' driver.
INFO - 2023-07-12 11:30:31 --> Session: Class initialized using 'CodeIgniter\Session\Handlers\FileHandler' driver.
CRITICAL - 2023-07-12 11:37:10 --> Undefined array key "image"
in APPPATH\Views\client-layout\aboutus\view-aboutus-banner.php on line 2.
 1 APPPATH\Views\client-layout\aboutus\view-aboutus-banner.php(2): CodeIgniter\Debug\Exceptions->errorHandler(2, 'Undefined array key "image"', 'C:\\wamp64\\www\\software-company\\app\\Views\\client-layout\\aboutus\\view-aboutus-banner.php', 2)
 2 APPPATH\Views\client\aboutus\aboutus.php(4): include('C:\\wamp64\\www\\software-company\\app\\Views\\client-layout\\aboutus\\view-aboutus-banner.php')
 3 SYSTEMPATH\View\View.php(224): include('C:\\wamp64\\www\\software-company\\app\\Views\\client\\aboutus\\aboutus.php')
 4 SYSTEMPATH\View\View.php(227): CodeIgniter\View\View->CodeIgniter\View\{closure}()
 5 SYSTEMPATH\Common.php(1180): CodeIgniter\View\View->render('client/aboutus/aboutus', [], true)
 6 APPPATH\Controllers\Client.php(41): view('client/aboutus/aboutus', [...])
 7 SYSTEMPATH\CodeIgniter.php(932): App\Controllers\Client->aboutus()
 8 SYSTEMPATH\CodeIgniter.php(497): CodeIgniter\CodeIgniter->runController(Object(App\Controllers\Client))
 9 SYSTEMPATH\CodeIgniter.php(366): CodeIgniter\CodeIgniter->handleRequest(null, Object(Config\Cache), false)
10 FCPATH\index.php(67): CodeIgniter\CodeIgniter->run()
CRITICAL - 2023-07-12 11:37:58 --> Undefined array key "image"
in APPPATH\Views\client-layout\aboutus\view-aboutus-banner.php on line 2.
 1 APPPATH\Views\client-layout\aboutus\view-aboutus-banner.php(2): CodeIgniter\Debug\Exceptions->errorHandler(2, 'Undefined array key "image"', 'C:\\wamp64\\www\\software-company\\app\\Views\\client-layout\\aboutus\\view-aboutus-banner.php', 2)
 2 APPPATH\Views\client\aboutus\aboutus.php(4): include('C:\\wamp64\\www\\software-company\\app\\Views\\client-layout\\aboutus\\view-aboutus-banner.php')
 3 SYSTEMPATH\View\View.php(224): include('C:\\wamp64\\www\\software-company\\app\\Views\\client\\aboutus\\aboutus.php')
 4 SYSTEMPATH\View\View.php(227): CodeIgniter\View\View->CodeIgniter\View\{closure}()
 5 SYSTEMPATH\Common.php(1180): CodeIgniter\View\View->render('client/aboutus/aboutus', [], true)
 6 APPPATH\Controllers\Client.php(41): view('client/aboutus/aboutus', [...])
 7 SYSTEMPATH\CodeIgniter.php(932): App\Controllers\Client->aboutus()
 8 SYSTEMPATH\CodeIgniter.php(497): CodeIgniter\CodeIgniter->runController(Object(App\Controllers\Client))
 9 SYSTEMPATH\CodeIgniter.php(366): CodeIgniter\CodeIgniter->handleRequest(null, Object(Config\Cache), false)
10 FCPATH\index.php(67): CodeIgniter\CodeIgniter->run()
CRITICAL - 2023-07-12 11:38:00 --> Undefined array key "image"
in APPPATH\Views\client-layout\aboutus\view-aboutus-banner.php on line 2.
 1 APPPATH\Views\client-layout\aboutus\view-aboutus-banner.php(2): CodeIgniter\Debug\Exceptions->errorHandler(2, 'Undefined array key "image"', 'C:\\wamp64\\www\\software-company\\app\\Views\\client-layout\\aboutus\\view-aboutus-banner.php', 2)
 2 APPPATH\Views\client\aboutus\aboutus.php(4): include('C:\\wamp64\\www\\software-company\\app\\Views\\client-layout\\aboutus\\view-aboutus-banner.php')
 3 SYSTEMPATH\View\View.php(224): include('C:\\wamp64\\www\\software-company\\app\\Views\\client\\aboutus\\aboutus.php')
 4 SYSTEMPATH\View\View.php(227): CodeIgniter\View\View->CodeIgniter\View\{closure}()
 5 SYSTEMPATH\Common.php(1180): CodeIgniter\View\View->render('client/aboutus/aboutus', [], true)
 6 APPPATH\Controllers\Client.php(41): view('client/aboutus/aboutus', [...])
 7 SYSTEMPATH\CodeIgniter.php(932): App\Controllers\Client->aboutus()
 8 SYSTEMPATH\CodeIgniter.php(497): CodeIgniter\CodeIgniter->runController(Object(App\Controllers\Client))
 9 SYSTEMPATH\CodeIgniter.php(366): CodeIgniter\CodeIgniter->handleRequest(null, Object(Config\Cache), false)
10 FCPATH\index.php(67): CodeIgniter\CodeIgniter->run()
INFO - 2023-07-12 15:25:39 --> Session: Class initialized using 'CodeIgniter\Session\Handlers\FileHandler' driver.
INFO - 2023-07-12 15:33:43 --> Session: Class initialized using 'CodeIgniter\Session\Handlers\FileHandler' driver.
INFO - 2023-07-12 15:34:23 --> Session: Class initialized using 'CodeIgniter\Session\Handlers\FileHandler' driver.
INFO - 2023-07-12 15:34:23 --> Session: Class initialized using 'CodeIgniter\Session\Handlers\FileHandler' driver.
INFO - 2023-07-12 15:35:16 --> Session: Class initialized using 'CodeIgniter\Session\Handlers\FileHandler' driver.
INFO - 2023-07-12 15:35:16 --> Session: Class initialized using 'CodeIgniter\Session\Handlers\FileHandler' driver.
CRITICAL - 2023-07-12 16:05:35 --> Trying to access array offset on value of type null
in APPPATH\Views\admin-layout\edit-view-softsol-data.php on line 11.
 1 APPPATH\Views\admin-layout\edit-view-softsol-data.php(11): CodeIgniter\Debug\Exceptions->errorHandler(2, 'Trying to access array offset on value of type null', 'C:\\wamp64\\www\\software-company\\app\\Views\\admin-layout\\edit-view-softsol-data.php', 11)
 2 APPPATH\Views\admin\edit-softsol-data.php(12): include('C:\\wamp64\\www\\software-company\\app\\Views\\admin-layout\\edit-view-softsol-data.php')
 3 SYSTEMPATH\View\View.php(224): include('C:\\wamp64\\www\\software-company\\app\\Views\\admin\\edit-softsol-data.php')
 4 SYSTEMPATH\View\View.php(227): CodeIgniter\View\View->CodeIgniter\View\{closure}()
 5 SYSTEMPATH\Common.php(1180): CodeIgniter\View\View->render('admin/edit-softsol-data', [], true)
 6 APPPATH\Controllers\Admin.php(286): view('admin/edit-softsol-data', [...])
 7 SYSTEMPATH\CodeIgniter.php(932): App\Controllers\Admin->edit_softsol_data('40')
 8 SYSTEMPATH\CodeIgniter.php(497): CodeIgniter\CodeIgniter->runController(Object(App\Controllers\Admin))
 9 SYSTEMPATH\CodeIgniter.php(366): CodeIgniter\CodeIgniter->handleRequest(null, Object(Config\Cache), false)
10 FCPATH\index.php(67): CodeIgniter\CodeIgniter->run()
CRITICAL - 2023-07-12 16:05:38 --> Trying to access array offset on value of type null
in APPPATH\Views\admin-layout\edit-view-softsol-data.php on line 11.
 1 APPPATH\Views\admin-layout\edit-view-softsol-data.php(11): CodeIgniter\Debug\Exceptions->errorHandler(2, 'Trying to access array offset on value of type null', 'C:\\wamp64\\www\\software-company\\app\\Views\\admin-layout\\edit-view-softsol-data.php', 11)
 2 APPPATH\Views\admin\edit-softsol-data.php(12): include('C:\\wamp64\\www\\software-company\\app\\Views\\admin-layout\\edit-view-softsol-data.php')
 3 SYSTEMPATH\View\View.php(224): include('C:\\wamp64\\www\\software-company\\app\\Views\\admin\\edit-softsol-data.php')
 4 SYSTEMPATH\View\View.php(227): CodeIgniter\View\View->CodeIgniter\View\{closure}()
 5 SYSTEMPATH\Common.php(1180): CodeIgniter\View\View->render('admin/edit-softsol-data', [], true)
 6 APPPATH\Controllers\Admin.php(286): view('admin/edit-softsol-data', [...])
 7 SYSTEMPATH\CodeIgniter.php(932): App\Controllers\Admin->edit_softsol_data('40')
 8 SYSTEMPATH\CodeIgniter.php(497): CodeIgniter\CodeIgniter->runController(Object(App\Controllers\Admin))
 9 SYSTEMPATH\CodeIgniter.php(366): CodeIgniter\CodeIgniter->handleRequest(null, Object(Config\Cache), false)
10 FCPATH\index.php(67): CodeIgniter\CodeIgniter->run()
INFO - 2023-07-12 16:05:41 --> Session: Class initialized using 'CodeIgniter\Session\Handlers\FileHandler' driver.
INFO - 2023-07-12 16:06:24 --> Session: Class initialized using 'CodeIgniter\Session\Handlers\FileHandler' driver.
INFO - 2023-07-12 16:06:24 --> Session: Class initialized using 'CodeIgniter\Session\Handlers\FileHandler' driver.
INFO - 2023-07-12 16:07:21 --> Session: Class initialized using 'CodeIgniter\Session\Handlers\FileHandler' driver.
INFO - 2023-07-12 16:07:21 --> Session: Class initialized using 'CodeIgniter\Session\Handlers\FileHandler' driver.
INFO - 2023-07-12 16:08:34 --> Session: Class initialized using 'CodeIgniter\Session\Handlers\FileHandler' driver.
INFO - 2023-07-12 16:08:34 --> Session: Class initialized using 'CodeIgniter\Session\Handlers\FileHandler' driver.
INFO - 2023-07-12 16:21:12 --> Session: Class initialized using 'CodeIgniter\Session\Handlers\FileHandler' driver.
INFO - 2023-07-12 16:21:13 --> Session: Class initialized using 'CodeIgniter\Session\Handlers\FileHandler' driver.
INFO - 2023-07-12 16:22:25 --> Session: Class initialized using 'CodeIgniter\Session\Handlers\FileHandler' driver.
INFO - 2023-07-12 16:22:25 --> Session: Class initialized using 'CodeIgniter\Session\Handlers\FileHandler' driver.
INFO - 2023-07-12 16:22:54 --> Session: Class initialized using 'CodeIgniter\Session\Handlers\FileHandler' driver.
INFO - 2023-07-12 16:22:54 --> Session: Class initialized using 'CodeIgniter\Session\Handlers\FileHandler' driver.
INFO - 2023-07-12 16:33:03 --> Session: Class initialized using 'CodeIgniter\Session\Handlers\FileHandler' driver.
INFO - 2023-07-12 16:33:03 --> Session: Class initialized using 'CodeIgniter\Session\Handlers\FileHandler' driver.
INFO - 2023-07-12 16:36:33 --> Session: Class initialized using 'CodeIgniter\Session\Handlers\FileHandler' driver.
INFO - 2023-07-12 16:36:33 --> Session: Class initialized using 'CodeIgniter\Session\Handlers\FileHandler' driver.
INFO - 2023-07-12 16:47:03 --> Session: Class initialized using 'CodeIgniter\Session\Handlers\FileHandler' driver.
INFO - 2023-07-12 16:47:03 --> Session: Class initialized using 'CodeIgniter\Session\Handlers\FileHandler' driver.
INFO - 2023-07-12 16:49:30 --> Session: Class initialized using 'CodeIgniter\Session\Handlers\FileHandler' driver.
INFO - 2023-07-12 16:49:30 --> Session: Class initialized using 'CodeIgniter\Session\Handlers\FileHandler' driver.
INFO - 2023-07-12 17:21:09 --> Session: Class initialized using 'CodeIgniter\Session\Handlers\FileHandler' driver.
