CRITICAL - 2023-07-06 05:37:41 --> Undefined array key "images"
in APPPATH\Views\admin-layout\portfolio\view-portfolio.php on line 6.
 1 APPPATH\Views\admin-layout\portfolio\view-portfolio.php(6): CodeIgniter\Debug\Exceptions->errorHandler(2, 'Undefined array key "images"', 'C:\\wamp64\\www\\software-company\\app\\Views\\admin-layout\\portfolio\\view-portfolio.php', 6)
 2 APPPATH\Views\admin\portfolio\portfolio.php(7): include('C:\\wamp64\\www\\software-company\\app\\Views\\admin-layout\\portfolio\\view-portfolio.php')
 3 SYSTEMPATH\View\View.php(224): include('C:\\wamp64\\www\\software-company\\app\\Views\\admin\\portfolio\\portfolio.php')
 4 SYSTEMPATH\View\View.php(227): CodeIgniter\View\View->CodeIgniter\View\{closure}()
 5 SYSTEMPATH\Common.php(1180): CodeIgniter\View\View->render('admin/portfolio/portfolio', [], true)
 6 APPPATH\Controllers\Admin.php(151): view('admin/portfolio/portfolio', [...])
 7 SYSTEMPATH\CodeIgniter.php(932): App\Controllers\Admin->portfolio()
 8 SYSTEMPATH\CodeIgniter.php(497): CodeIgniter\CodeIgniter->runController(Object(App\Controllers\Admin))
 9 SYSTEMPATH\CodeIgniter.php(366): CodeIgniter\CodeIgniter->handleRequest(null, Object(Config\Cache), false)
10 FCPATH\index.php(67): CodeIgniter\CodeIgniter->run()
CRITICAL - 2023-07-06 05:37:57 --> Undefined array key "image"
in APPPATH\Views\admin-layout\portfolio\view-portfolio.php on line 6.
 1 APPPATH\Views\admin-layout\portfolio\view-portfolio.php(6): CodeIgniter\Debug\Exceptions->errorHandler(2, 'Undefined array key "image"', 'C:\\wamp64\\www\\software-company\\app\\Views\\admin-layout\\portfolio\\view-portfolio.php', 6)
 2 APPPATH\Views\admin\portfolio\portfolio.php(7): include('C:\\wamp64\\www\\software-company\\app\\Views\\admin-layout\\portfolio\\view-portfolio.php')
 3 SYSTEMPATH\View\View.php(224): include('C:\\wamp64\\www\\software-company\\app\\Views\\admin\\portfolio\\portfolio.php')
 4 SYSTEMPATH\View\View.php(227): CodeIgniter\View\View->CodeIgniter\View\{closure}()
 5 SYSTEMPATH\Common.php(1180): CodeIgniter\View\View->render('admin/portfolio/portfolio', [], true)
 6 APPPATH\Controllers\Admin.php(151): view('admin/portfolio/portfolio', [...])
 7 SYSTEMPATH\CodeIgniter.php(932): App\Controllers\Admin->portfolio()
 8 SYSTEMPATH\CodeIgniter.php(497): CodeIgniter\CodeIgniter->runController(Object(App\Controllers\Admin))
 9 SYSTEMPATH\CodeIgniter.php(366): CodeIgniter\CodeIgniter->handleRequest(null, Object(Config\Cache), false)
10 FCPATH\index.php(67): CodeIgniter\CodeIgniter->run()
CRITICAL - 2023-07-06 05:38:15 --> Array to string conversion
in APPPATH\Views\admin-layout\portfolio\view-portfolio.php on line 6.
 1 APPPATH\Views\admin-layout\portfolio\view-portfolio.php(6): CodeIgniter\Debug\Exceptions->errorHandler(2, 'Array to string conversion', 'C:\\wamp64\\www\\software-company\\app\\Views\\admin-layout\\portfolio\\view-portfolio.php', 6)
 2 APPPATH\Views\admin\portfolio\portfolio.php(7): include('C:\\wamp64\\www\\software-company\\app\\Views\\admin-layout\\portfolio\\view-portfolio.php')
 3 SYSTEMPATH\View\View.php(224): include('C:\\wamp64\\www\\software-company\\app\\Views\\admin\\portfolio\\portfolio.php')
 4 SYSTEMPATH\View\View.php(227): CodeIgniter\View\View->CodeIgniter\View\{closure}()
 5 SYSTEMPATH\Common.php(1180): CodeIgniter\View\View->render('admin/portfolio/portfolio', [], true)
 6 APPPATH\Controllers\Admin.php(151): view('admin/portfolio/portfolio', [...])
 7 SYSTEMPATH\CodeIgniter.php(932): App\Controllers\Admin->portfolio()
 8 SYSTEMPATH\CodeIgniter.php(497): CodeIgniter\CodeIgniter->runController(Object(App\Controllers\Admin))
 9 SYSTEMPATH\CodeIgniter.php(366): CodeIgniter\CodeIgniter->handleRequest(null, Object(Config\Cache), false)
10 FCPATH\index.php(67): CodeIgniter\CodeIgniter->run()
CRITICAL - 2023-07-06 05:39:26 --> Array to string conversion
in APPPATH\Views\admin-layout\portfolio\view-portfolio.php on line 32.
 1 APPPATH\Views\admin-layout\portfolio\view-portfolio.php(32): CodeIgniter\Debug\Exceptions->errorHandler(2, 'Array to string conversion', 'C:\\wamp64\\www\\software-company\\app\\Views\\admin-layout\\portfolio\\view-portfolio.php', 32)
 2 APPPATH\Views\admin\portfolio\portfolio.php(7): include('C:\\wamp64\\www\\software-company\\app\\Views\\admin-layout\\portfolio\\view-portfolio.php')
 3 SYSTEMPATH\View\View.php(224): include('C:\\wamp64\\www\\software-company\\app\\Views\\admin\\portfolio\\portfolio.php')
 4 SYSTEMPATH\View\View.php(227): CodeIgniter\View\View->CodeIgniter\View\{closure}()
 5 SYSTEMPATH\Common.php(1180): CodeIgniter\View\View->render('admin/portfolio/portfolio', [], true)
 6 APPPATH\Controllers\Admin.php(151): view('admin/portfolio/portfolio', [...])
 7 SYSTEMPATH\CodeIgniter.php(932): App\Controllers\Admin->portfolio()
 8 SYSTEMPATH\CodeIgniter.php(497): CodeIgniter\CodeIgniter->runController(Object(App\Controllers\Admin))
 9 SYSTEMPATH\CodeIgniter.php(366): CodeIgniter\CodeIgniter->handleRequest(null, Object(Config\Cache), false)
10 FCPATH\index.php(67): CodeIgniter\CodeIgniter->run()
CRITICAL - 2023-07-06 05:39:57 --> Array to string conversion
in APPPATH\Views\admin-layout\portfolio\view-portfolio.php on line 39.
 1 APPPATH\Views\admin-layout\portfolio\view-portfolio.php(39): CodeIgniter\Debug\Exceptions->errorHandler(2, 'Array to string conversion', 'C:\\wamp64\\www\\software-company\\app\\Views\\admin-layout\\portfolio\\view-portfolio.php', 39)
 2 APPPATH\Views\admin\portfolio\portfolio.php(7): include('C:\\wamp64\\www\\software-company\\app\\Views\\admin-layout\\portfolio\\view-portfolio.php')
 3 SYSTEMPATH\View\View.php(224): include('C:\\wamp64\\www\\software-company\\app\\Views\\admin\\portfolio\\portfolio.php')
 4 SYSTEMPATH\View\View.php(227): CodeIgniter\View\View->CodeIgniter\View\{closure}()
 5 SYSTEMPATH\Common.php(1180): CodeIgniter\View\View->render('admin/portfolio/portfolio', [], true)
 6 APPPATH\Controllers\Admin.php(151): view('admin/portfolio/portfolio', [...])
 7 SYSTEMPATH\CodeIgniter.php(932): App\Controllers\Admin->portfolio()
 8 SYSTEMPATH\CodeIgniter.php(497): CodeIgniter\CodeIgniter->runController(Object(App\Controllers\Admin))
 9 SYSTEMPATH\CodeIgniter.php(366): CodeIgniter\CodeIgniter->handleRequest(null, Object(Config\Cache), false)
10 FCPATH\index.php(67): CodeIgniter\CodeIgniter->run()
CRITICAL - 2023-07-06 05:40:18 --> Undefined array key "images[0]"
in APPPATH\Views\admin-layout\portfolio\view-portfolio.php on line 39.
 1 APPPATH\Views\admin-layout\portfolio\view-portfolio.php(39): CodeIgniter\Debug\Exceptions->errorHandler(2, 'Undefined array key "images[0]"', 'C:\\wamp64\\www\\software-company\\app\\Views\\admin-layout\\portfolio\\view-portfolio.php', 39)
 2 APPPATH\Views\admin\portfolio\portfolio.php(7): include('C:\\wamp64\\www\\software-company\\app\\Views\\admin-layout\\portfolio\\view-portfolio.php')
 3 SYSTEMPATH\View\View.php(224): include('C:\\wamp64\\www\\software-company\\app\\Views\\admin\\portfolio\\portfolio.php')
 4 SYSTEMPATH\View\View.php(227): CodeIgniter\View\View->CodeIgniter\View\{closure}()
 5 SYSTEMPATH\Common.php(1180): CodeIgniter\View\View->render('admin/portfolio/portfolio', [], true)
 6 APPPATH\Controllers\Admin.php(151): view('admin/portfolio/portfolio', [...])
 7 SYSTEMPATH\CodeIgniter.php(932): App\Controllers\Admin->portfolio()
 8 SYSTEMPATH\CodeIgniter.php(497): CodeIgniter\CodeIgniter->runController(Object(App\Controllers\Admin))
 9 SYSTEMPATH\CodeIgniter.php(366): CodeIgniter\CodeIgniter->handleRequest(null, Object(Config\Cache), false)
10 FCPATH\index.php(67): CodeIgniter\CodeIgniter->run()
